TN:
SF:src/dollar/DirectGovernanceFarmer.sol
FN:71,DirectGovernanceFarmer.onERC1155Received
FNDA:1,DirectGovernanceFarmer.onERC1155Received
DA:85,1
FN:97,DirectGovernanceFarmer.depositSingle
FNDA:5,DirectGovernanceFarmer.depositSingle
DA:103,5
BRDA:103,0,0,1
BRDA:103,0,1,4
DA:107,4
BRDA:107,1,0,1
BRDA:107,1,1,3
DA:108,3
BRDA:108,2,0,1
BRDA:108,2,1,2
DA:115,2
DA:117,2
DA:118,2
DA:120,2
DA:122,2
DA:130,2
DA:131,2
DA:139,2
DA:140,2
DA:142,2
DA:149,2
FN:166,DirectGovernanceFarmer.depositMulti
FNDA:4,DirectGovernanceFarmer.depositMulti
DA:171,4
BRDA:171,3,0,1
BRDA:171,3,1,3
DA:178,3
BRDA:178,4,0,1
BRDA:178,4,1,2
DA:182,2
BRDA:182,5,0,-
BRDA:182,5,1,2
DA:183,2
DA:188,2
DA:193,2
BRDA:193,6,0,-
BRDA:193,6,1,2
DA:194,2
DA:199,2
DA:206,2
BRDA:206,7,0,-
BRDA:206,7,1,2
DA:207,2
DA:212,2
DA:217,2
BRDA:217,8,0,-
BRDA:217,8,1,2
DA:218,2
DA:223,2
DA:228,2
DA:229,2
DA:231,2
DA:235,2
DA:243,2
DA:244,2
DA:246,2
DA:253,2
FN:269,DirectGovernanceFarmer.withdraw
FNDA:2,DirectGovernanceFarmer.withdraw
DA:272,2
DA:273,2
DA:275,2
DA:279,2
BRDA:279,9,0,1
BRDA:279,9,1,1
DA:282,1
DA:291,1
DA:297,1
DA:298,1
DA:299,1
DA:301,1
DA:304,1
DA:309,1
DA:313,1
DA:318,1
DA:319,1
DA:320,1
DA:321,1
DA:322,1
DA:327,1
FN:338,DirectGovernanceFarmer.withdraw
FNDA:3,DirectGovernanceFarmer.withdraw
DA:343,3
BRDA:343,10,0,1
BRDA:343,10,1,2
DA:347,2
DA:348,2
DA:350,2
DA:354,2
BRDA:354,11,0,1
BRDA:354,11,1,1
DA:360,1
DA:369,1
DA:375,1
DA:376,1
DA:377,1
DA:379,1
DA:382,1
DA:386,1
DA:389,1
DA:393,1
DA:401,1
DA:402,1
DA:407,1
FN:410,DirectGovernanceFarmer.isIdIncluded
FNDA:6,DirectGovernanceFarmer.isIdIncluded
DA:414,6
DA:415,4
BRDA:415,12,0,3
BRDA:415,12,1,1
DA:416,3
DA:419,3
FN:422,DirectGovernanceFarmer.isMetaPoolCoin
FNDA:5,DirectGovernanceFarmer.isMetaPoolCoin
DA:423,13
FNF:7
FNH:7
LF:79
LH:79
BRF:26
BRH:22
end_of_record
TN:
SF:src/dollar/ERC1155SetUri/ERC1155BurnableSetUri.sol
FN:15,ERC1155BurnableSetUri.burn
FNDA:0,ERC1155BurnableSetUri.burn
DA:16,0
BRDA:16,0,0,-
BRDA:16,0,1,-
DA:21,0
FN:24,ERC1155BurnableSetUri.burnBatch
FNDA:0,ERC1155BurnableSetUri.burnBatch
DA:29,0
BRDA:29,1,0,-
BRDA:29,1,1,-
DA:34,0
FNF:2
FNH:0
LF:4
LH:0
BRF:4
BRH:0
end_of_record
TN:
SF:src/dollar/ERC1155SetUri/ERC1155PausableSetUri.sol
FN:26,ERC1155PausableSetUri._beforeTokenTransfer
FNDA:0,ERC1155PausableSetUri._beforeTokenTransfer
DA:34,0
DA:36,0
BRDA:36,0,0,-
BRDA:36,0,1,-
FNF:1
FNH:0
LF:2
LH:0
BRF:2
BRH:0
end_of_record
TN:
SF:src/dollar/ERC1155SetUri/ERC1155SetUri.sol
FN:45,ERC1155SetUri.supportsInterface
FNDA:0,ERC1155SetUri.supportsInterface
DA:48,0
FN:64,ERC1155SetUri.uri
FNDA:0,ERC1155SetUri.uri
DA:65,0
FN:75,ERC1155SetUri.balanceOf
FNDA:0,ERC1155SetUri.balanceOf
DA:79,0
BRDA:79,0,0,-
BRDA:79,0,1,-
DA:83,0
FN:93,ERC1155SetUri.balanceOfBatch
FNDA:0,ERC1155SetUri.balanceOfBatch
DA:97,0
BRDA:97,1,0,-
BRDA:97,1,1,-
DA:102,0
DA:104,0
DA:105,0
DA:108,0
FN:114,ERC1155SetUri.setApprovalForAll
FNDA:0,ERC1155SetUri.setApprovalForAll
DA:118,0
FN:124,ERC1155SetUri.isApprovedForAll
FNDA:0,ERC1155SetUri.isApprovedForAll
DA:128,0
FN:134,ERC1155SetUri.safeTransferFrom
FNDA:0,ERC1155SetUri.safeTransferFrom
DA:141,0
BRDA:141,2,0,-
BRDA:141,2,1,-
DA:145,0
FN:151,ERC1155SetUri.safeBatchTransferFrom
FNDA:0,ERC1155SetUri.safeBatchTransferFrom
DA:158,0
BRDA:158,3,0,-
BRDA:158,3,1,-
DA:162,0
FN:177,ERC1155SetUri._safeTransferFrom
FNDA:0,ERC1155SetUri._safeTransferFrom
DA:184,0
BRDA:184,4,0,-
BRDA:184,4,1,-
DA:186,0
DA:187,0
DA:188,0
DA:190,0
DA:192,0
DA:193,0
BRDA:193,5,0,-
BRDA:193,5,1,-
DA:198,0
DA:200,0
DA:202,0
DA:204,0
DA:206,0
FN:219,ERC1155SetUri._safeBatchTransferFrom
FNDA:0,ERC1155SetUri._safeBatchTransferFrom
DA:226,0
BRDA:226,6,0,-
BRDA:226,6,1,-
DA:230,0
BRDA:230,7,0,-
BRDA:230,7,1,-
DA:232,0
DA:234,0
DA:236,0
DA:237,0
DA:238,0
DA:240,0
DA:241,0
BRDA:241,8,0,-
BRDA:241,8,1,-
DA:246,0
DA:248,0
DA:251,0
DA:253,0
DA:255,0
FN:284,ERC1155SetUri._setURI
FNDA:0,ERC1155SetUri._setURI
DA:285,0
FN:299,ERC1155SetUri._mint
FNDA:0,ERC1155SetUri._mint
DA:305,0
BRDA:305,9,0,-
BRDA:305,9,1,-
DA:307,0
DA:308,0
DA:309,0
DA:311,0
DA:313,0
DA:314,0
DA:316,0
DA:318,0
FN:339,ERC1155SetUri._mintBatch
FNDA:0,ERC1155SetUri._mintBatch
DA:345,0
BRDA:345,10,0,-
BRDA:345,10,1,-
DA:346,0
BRDA:346,11,0,-
BRDA:346,11,1,-
DA:351,0
DA:353,0
DA:355,0
DA:356,0
DA:359,0
DA:361,0
DA:363,0
FN:383,ERC1155SetUri._burn
FNDA:0,ERC1155SetUri._burn
DA:384,0
BRDA:384,12,0,-
BRDA:384,12,1,-
DA:386,0
DA:387,0
DA:388,0
DA:390,0
DA:392,0
DA:393,0
BRDA:393,13,0,-
BRDA:393,13,1,-
DA:395,0
DA:398,0
DA:400,0
FN:412,ERC1155SetUri._burnBatch
FNDA:0,ERC1155SetUri._burnBatch
DA:417,0
BRDA:417,14,0,-
BRDA:417,14,1,-
DA:418,0
BRDA:418,15,0,-
BRDA:418,15,1,-
DA:423,0
DA:425,0
DA:427,0
DA:428,0
DA:429,0
DA:431,0
DA:432,0
BRDA:432,16,0,-
BRDA:432,16,1,-
DA:437,0
DA:441,0
DA:443,0
FN:451,ERC1155SetUri._setApprovalForAll
FNDA:0,ERC1155SetUri._setApprovalForAll
DA:456,0
BRDA:456,17,0,-
BRDA:456,17,1,-
DA:457,0
DA:458,0
FN:481,ERC1155SetUri._beforeTokenTransfer
FNDA:0,ERC1155SetUri._beforeTokenTransfer
FN:510,ERC1155SetUri._afterTokenTransfer
FNDA:0,ERC1155SetUri._afterTokenTransfer
FN:519,ERC1155SetUri._doSafeTransferAcceptanceCheck
FNDA:0,ERC1155SetUri._doSafeTransferAcceptanceCheck
DA:527,0
BRDA:527,18,0,-
BRDA:527,18,1,-
DA:529,0
FN:548,ERC1155SetUri._doSafeBatchTransferAcceptanceCheck
FNDA:0,ERC1155SetUri._doSafeBatchTransferAcceptanceCheck
DA:556,0
BRDA:556,19,0,-
BRDA:556,19,1,-
DA:558,0
FN:579,ERC1155SetUri._asSingletonArray
FNDA:0,ERC1155SetUri._asSingletonArray
DA:582,0
DA:583,0
DA:585,0
FNF:21
FNH:0
LF:92
LH:0
BRF:40
BRH:0
end_of_record
TN:
SF:src/dollar/ERC1155Ubiquity.sol
FN:57,ERC1155Ubiquity.mint
FNDA:3,ERC1155Ubiquity.mint
DA:63,10
DA:64,9
DA:65,9
FN:69,ERC1155Ubiquity.mintBatch
FNDA:4,ERC1155Ubiquity.mintBatch
DA:75,4
DA:76,4
DA:77,8
DA:79,4
FN:88,ERC1155Ubiquity.pause
FNDA:2,ERC1155Ubiquity.pause
DA:89,1
FN:98,ERC1155Ubiquity.unpause
FNDA:1,ERC1155Ubiquity.unpause
DA:99,1
FN:105,ERC1155Ubiquity.safeTransferFrom
FNDA:1,ERC1155Ubiquity.safeTransferFrom
DA:112,1
DA:113,1
FN:119,ERC1155Ubiquity.safeBatchTransferFrom
FNDA:1,ERC1155Ubiquity.safeBatchTransferFrom
DA:126,1
DA:127,1
FN:133,ERC1155Ubiquity.totalSupply
FNDA:6,ERC1155Ubiquity.totalSupply
DA:134,6
FN:140,ERC1155Ubiquity.holderTokens
FNDA:5,ERC1155Ubiquity.holderTokens
DA:143,5
FN:146,ERC1155Ubiquity._burn
FNDA:2,ERC1155Ubiquity._burn
DA:151,2
DA:152,2
FN:155,ERC1155Ubiquity._burnBatch
FNDA:1,ERC1155Ubiquity._burnBatch
DA:160,1
DA:161,1
DA:162,2
FN:166,ERC1155Ubiquity._beforeTokenTransfer
FNDA:19,ERC1155Ubiquity._beforeTokenTransfer
DA:174,19
FNF:11
FNH:11
LF:21
LH:21
BRF:0
BRH:0
end_of_record
TN:
SF:src/dollar/ERC20Ubiquity.sol
FN:99,ERC20Ubiquity.setSymbol
FNDA:2,ERC20Ubiquity.setSymbol
DA:100,1
FN:105,ERC20Ubiquity.setName
FNDA:2,ERC20Ubiquity.setName
DA:106,1
FN:115,ERC20Ubiquity.permit
FNDA:3,ERC20Ubiquity.permit
DA:125,3
BRDA:125,0,0,1
BRDA:125,0,1,2
DA:126,2
DA:142,2
DA:143,2
BRDA:143,1,0,1
BRDA:143,1,1,1
DA:147,1
FN:152,ERC20Ubiquity.burn
FNDA:2,ERC20Ubiquity.burn
DA:155,1
DA:156,1
FN:162,ERC20Ubiquity.burnFrom
FNDA:3,ERC20Ubiquity.burnFrom
DA:171,1
DA:172,1
FN:176,ERC20Ubiquity.mint
FNDA:12,ERC20Ubiquity.mint
DA:180,10
DA:181,10
FN:185,ERC20Ubiquity.pause
FNDA:7,ERC20Ubiquity.pause
DA:186,6
FN:190,ERC20Ubiquity.unpause
FNDA:2,ERC20Ubiquity.unpause
DA:191,1
FN:197,ERC20Ubiquity.name
FNDA:3,ERC20Ubiquity.name
DA:198,3
FN:205,ERC20Ubiquity.symbol
FNDA:3,ERC20Ubiquity.symbol
DA:206,3
FN:209,ERC20Ubiquity._beforeTokenTransfer
FNDA:17,ERC20Ubiquity._beforeTokenTransfer
DA:214,17
FN:217,ERC20Ubiquity._transfer
FNDA:6,ERC20Ubiquity._transfer
DA:222,5
FNF:12
FNH:12
LF:19
LH:19
BRF:4
BRH:4
end_of_record
TN:
SF:src/dollar/Staking.sol
FN:145,Staking.addUserToMigrate
FNDA:0,Staking.addUserToMigrate
DA:150,0
DA:151,0
DA:152,0
DA:153,0
DA:154,0
FN:157,Staking.setMigrator
FNDA:0,Staking.setMigrator
DA:158,0
FN:161,Staking.setMigrating
FNDA:0,Staking.setMigrating
DA:162,0
FN:170,Staking.dollarPriceReset
FNDA:0,Staking.dollarPriceReset
DA:171,0
DA:173,0
DA:178,0
DA:179,0
DA:182,0
DA:186,0
FN:198,Staking.crvPriceReset
FNDA:0,Staking.crvPriceReset
DA:199,0
DA:201,0
DA:207,0
DA:208,0
DA:211,0
DA:215,0
FN:222,Staking.setStakingFormulasAddress
FNDA:0,Staking.setStakingFormulasAddress
DA:225,0
FN:229,Staking.addProtocolToken
FNDA:0,Staking.addProtocolToken
DA:232,0
FN:235,Staking.removeProtocolToken
FNDA:0,Staking.removeProtocolToken
DA:238,0
FN:241,Staking.sendDust
FNDA:0,Staking.sendDust
DA:246,0
FN:249,Staking.setStakingDiscountMultiplier
FNDA:0,Staking.setStakingDiscountMultiplier
DA:252,0
DA:253,0
FN:256,Staking.setBlockCountInAWeek
FNDA:0,Staking.setBlockCountInAWeek
DA:259,0
DA:260,0
FN:267,Staking.deposit
FNDA:0,Staking.deposit
DA:271,0
BRDA:271,0,0,-
BRDA:271,0,1,-
DA:275,0
DA:278,0
DA:280,0
DA:287,0
DA:290,0
DA:291,0
DA:294,0
DA:300,0
FN:315,Staking.addLiquidity
FNDA:0,Staking.addLiquidity
DA:320,0
DA:323,0
DA:326,0
DA:327,0
DA:328,0
DA:334,0
DA:337,0
DA:338,0
DA:339,0
DA:344,0
DA:347,0
DA:354,0
DA:362,0
DA:370,0
DA:373,0
DA:374,0
DA:380,0
DA:386,0
FN:398,Staking.removeLiquidity
FNDA:0,Staking.removeLiquidity
DA:402,0
DA:405,0
DA:406,0
BRDA:406,1,0,-
BRDA:406,1,1,-
DA:409,0
DA:413,0
DA:414,0
DA:419,0
DA:427,0
DA:430,0
DA:433,0
DA:440,0
DA:441,0
DA:446,0
DA:452,0
DA:460,0
DA:461,0
FN:472,Staking.pendingLpRewards
FNDA:0,Staking.pendingLpRewards
DA:473,0
DA:474,0
DA:475,0
DA:478,0
DA:481,0
BRDA:481,2,0,-
BRDA:481,2,1,-
DA:482,0
DA:484,0
DA:486,0
BRDA:486,3,0,-
BRDA:486,3,1,-
DA:487,0
DA:488,0
DA:496,0
DA:501,0
FN:504,Staking.pause
FNDA:0,Staking.pause
DA:505,0
FN:508,Staking.unpause
FNDA:0,Staking.unpause
DA:509,0
FN:514,Staking.migrate
FNDA:0,Staking.migrate
DA:515,0
DA:516,0
BRDA:516,4,0,-
BRDA:516,4,1,-
DA:518,0
FN:528,Staking.lpRewardForShares
FNDA:0,Staking.lpRewardForShares
DA:532,0
BRDA:532,5,0,-
BRDA:532,5,1,-
DA:533,0
FN:540,Staking.currentShareValue
FNDA:0,Staking.currentShareValue
DA:541,0
DA:544,0
FN:553,Staking._migrate
FNDA:0,Staking._migrate
DA:558,0
BRDA:558,6,0,-
BRDA:558,6,1,-
DA:559,0
BRDA:559,7,0,-
BRDA:559,7,1,-
DA:560,0
BRDA:560,8,0,-
BRDA:560,8,1,-
DA:566,0
DA:569,0
DA:573,0
DA:575,0
DA:576,0
DA:579,0
DA:581,0
DA:587,0
FN:591,Staking._updateLpPerShare
FNDA:0,Staking._updateLpPerShare
DA:592,0
DA:593,0
DA:597,0
DA:600,0
BRDA:599,9,0,-
BRDA:599,9,1,-
DA:602,0
DA:606,0
BRDA:606,10,0,-
BRDA:606,10,1,-
DA:608,0
DA:613,0
FN:618,Staking._mint
FNDA:0,Staking._mint
DA:624,0
DA:625,0
BRDA:625,11,0,-
BRDA:625,11,1,-
DA:630,0
DA:631,0
FN:640,Staking._checkForLiquidity
FNDA:0,Staking._checkForLiquidity
DA:643,0
BRDA:643,12,0,-
BRDA:643,12,1,-
DA:650,0
DA:651,0
DA:652,0
BRDA:652,13,0,-
BRDA:652,13,1,-
DA:657,0
DA:658,0
FNF:24
FNH:0
LF:120
LH:0
BRF:28
BRH:0
end_of_record
TN:
SF:src/dollar/StakingFormulas.sol
FN:17,StakingFormulas.sharesForLP
FNDA:1,StakingFormulas.sharesForLP
DA:22,1
DA:23,1
DA:24,1
DA:26,1
FN:35,StakingFormulas.lpRewardsRemoveLiquidityNormalization
FNDA:256,StakingFormulas.lpRewardsRemoveLiquidityNormalization
DA:40,256
FN:50,StakingFormulas.lpRewardsAddLiquidityNormalization
FNDA:256,StakingFormulas.lpRewardsAddLiquidityNormalization
DA:55,256
FN:67,StakingFormulas.correctedAmountToWithdraw
FNDA:2,StakingFormulas.correctedAmountToWithdraw
DA:72,2
BRDA:72,0,0,1
BRDA:72,0,1,1
DA:75,1
DA:82,1
FNF:4
FNH:4
LF:9
LH:9
BRF:2
BRH:2
end_of_record
TN:
SF:src/dollar/StakingShare.sol
FN:83,StakingShare.updateStake
FNDA:0,StakingShare.updateStake
DA:89,0
DA:90,0
DA:91,0
BRDA:91,0,0,-
BRDA:91,0,1,-
DA:93,0
DA:96,0
DA:98,0
DA:99,0
DA:100,0
FN:108,StakingShare.mint
FNDA:0,StakingShare.mint
DA:114,0
DA:115,0
DA:116,0
DA:117,0
DA:118,0
DA:119,0
DA:120,0
DA:121,0
DA:122,0
DA:123,0
DA:124,0
DA:125,0
FN:134,StakingShare.pause
FNDA:0,StakingShare.pause
DA:135,0
FN:144,StakingShare.unpause
FNDA:0,StakingShare.unpause
DA:145,0
FN:151,StakingShare.safeTransferFrom
FNDA:0,StakingShare.safeTransferFrom
DA:158,0
DA:159,0
FN:165,StakingShare.safeBatchTransferFrom
FNDA:0,StakingShare.safeBatchTransferFrom
DA:172,0
DA:173,0
FN:179,StakingShare.totalSupply
FNDA:0,StakingShare.totalSupply
DA:180,0
FN:186,StakingShare.totalLP
FNDA:0,StakingShare.totalLP
DA:187,0
FN:193,StakingShare.getStake
FNDA:0,StakingShare.getStake
DA:194,0
FN:200,StakingShare.holderTokens
FNDA:0,StakingShare.holderTokens
DA:203,0
FN:206,StakingShare._beforeTokenTransfer
FNDA:0,StakingShare._beforeTokenTransfer
DA:214,0
FN:221,StakingShare.setUri
FNDA:0,StakingShare.setUri
DA:222,0
FNF:12
FNH:0
LF:32
LH:0
BRF:2
BRH:0
end_of_record
TN:
SF:src/dollar/UbiquityChef.sol
FN:119,UbiquityChef.setGovernancePerBlock
FNDA:0,UbiquityChef.setGovernancePerBlock
DA:122,0
DA:123,0
FN:127,UbiquityChef.setGovernanceShareForTreasury
FNDA:0,UbiquityChef.setGovernanceShareForTreasury
DA:130,0
FN:133,UbiquityChef.setMinPriceDiffToUpdateMultiplier
FNDA:0,UbiquityChef.setMinPriceDiffToUpdateMultiplier
DA:136,0
DA:137,0
FN:143,UbiquityChef.deposit
FNDA:0,UbiquityChef.deposit
DA:148,0
FN:152,UbiquityChef.withdraw
FNDA:0,UbiquityChef.withdraw
DA:157,0
DA:158,0
BRDA:158,0,0,-
BRDA:158,0,1,-
DA:159,0
DA:160,0
DA:164,0
DA:165,0
DA:166,0
DA:167,0
DA:168,0
FN:174,UbiquityChef.getRewards
FNDA:0,UbiquityChef.getRewards
DA:175,0
BRDA:175,1,0,-
BRDA:175,1,1,-
DA:184,0
DA:185,0
DA:186,0
DA:188,0
DA:189,0
DA:190,0
FN:194,UbiquityChef.pendingGovernance
FNDA:0,UbiquityChef.pendingGovernance
DA:197,0
DA:198,0
DA:200,0
BRDA:200,2,0,-
BRDA:200,2,1,-
DA:201,0
DA:202,0
DA:203,0
DA:207,0
FN:213,UbiquityChef.getStakingShareInfo
FNDA:0,UbiquityChef.getStakingShareInfo
DA:216,0
FN:222,UbiquityChef.totalShares
FNDA:0,UbiquityChef.totalShares
DA:223,0
FN:227,UbiquityChef._deposit
FNDA:0,UbiquityChef._deposit
DA:232,0
DA:233,0
DA:234,0
BRDA:234,3,0,-
BRDA:234,3,1,-
DA:235,0
DA:237,0
DA:239,0
DA:240,0
DA:241,0
DA:242,0
FN:246,UbiquityChef._updateGovernanceMultiplier
FNDA:0,UbiquityChef._updateGovernanceMultiplier
DA:248,0
DA:250,0
DA:252,0
BRDA:252,4,0,-
BRDA:252,4,1,-
DA:253,0
DA:256,0
DA:260,0
BRDA:260,5,0,-
BRDA:260,5,1,-
DA:261,0
DA:263,0
FN:268,UbiquityChef._updatePool
FNDA:0,UbiquityChef._updatePool
DA:269,0
BRDA:269,6,0,-
BRDA:269,6,1,-
DA:270,0
DA:272,0
DA:274,0
BRDA:274,7,0,-
BRDA:274,7,1,-
DA:275,0
DA:276,0
DA:278,0
DA:279,0
DA:280,0
DA:285,0
DA:289,0
DA:292,0
FN:297,UbiquityChef._safeGovernanceTransfer
FNDA:0,UbiquityChef._safeGovernanceTransfer
DA:298,0
DA:301,0
DA:302,0
BRDA:302,8,0,-
BRDA:302,8,1,-
DA:303,0
DA:305,0
FN:309,UbiquityChef._getMultiplier
FNDA:0,UbiquityChef._getMultiplier
DA:310,0
FN:313,UbiquityChef._getTwapPrice
FNDA:0,UbiquityChef._getTwapPrice
DA:314,0
FNF:15
FNH:0
LF:67
LH:0
BRF:18
BRH:0
end_of_record
TN:
SF:src/dollar/UbiquityFormulas.sol
FN:18,UbiquityFormulas.durationMultiply
FNDA:0,UbiquityFormulas.durationMultiply
DA:23,0
DA:24,0
DA:25,0
DA:26,0
DA:27,0
DA:29,0
FN:39,UbiquityFormulas.bonding
FNDA:0,UbiquityFormulas.bonding
DA:44,0
DA:45,0
DA:46,0
DA:48,0
FN:58,UbiquityFormulas.redeemBonds
FNDA:0,UbiquityFormulas.redeemBonds
DA:63,0
DA:64,0
DA:65,0
DA:67,0
FN:80,UbiquityFormulas.bondPrice
FNDA:0,UbiquityFormulas.bondPrice
DA:85,0
DA:86,0
DA:87,0
DA:88,0
DA:90,0
FN:101,UbiquityFormulas.governanceMultiply
FNDA:0,UbiquityFormulas.governanceMultiply
DA:105,0
DA:106,0
DA:107,0
DA:108,0
DA:109,0
DA:111,0
DA:114,0
BRDA:114,0,0,-
BRDA:114,0,1,-
DA:115,0
FNF:5
FNH:0
LF:27
LH:0
BRF:2
BRH:0
end_of_record
TN:
SF:src/dollar/core/CreditClock.sol
FN:58,CreditClock.setRatePerBlock
FNDA:4,CreditClock.setRatePerBlock
DA:59,3
DA:60,3
DA:61,3
DA:63,3
FN:69,CreditClock.getRate
FNDA:4005,CreditClock.getRate
DA:70,4008
BRDA:70,0,0,4
BRDA:70,0,1,4004
DA:71,4
DA:73,4004
BRDA:73,1,0,1
BRDA:73,1,1,4003
DA:74,1
DA:77,4007
FNF:2
FNH:2
LF:9
LH:9
BRF:4
BRH:4
end_of_record
TN:
SF:src/dollar/core/CreditNFT.sol
FN:52,CreditNFT.mintCreditNFT
FNDA:9,CreditNFT.mintCreditNFT
DA:57,8
DA:58,8
DA:62,8
DA:65,8
DA:68,8
FN:76,CreditNFT.burnCreditNFT
FNDA:2,CreditNFT.burnCreditNFT
DA:81,1
BRDA:81,0,0,-
BRDA:81,0,1,1
DA:85,1
DA:86,1
DA:89,1
DA:92,1
FN:97,CreditNFT.updateTotalDebt
FNDA:2,CreditNFT.updateTotalDebt
DA:98,2
DA:99,2
DA:102,7
DA:103,5
BRDA:103,1,0,2
BRDA:103,1,1,3
DA:105,2
DA:106,2
DA:109,3
DA:112,3
DA:113,3
DA:115,5
FN:120,CreditNFT.getTotalOutstandingDebt
FNDA:2,CreditNFT.getTotalOutstandingDebt
DA:121,2
DA:122,2
DA:123,2
DA:125,3
DA:126,1
BRDA:126,2,0,1
BRDA:126,2,1,-
DA:127,1
DA:129,0
DA:133,1
DA:138,2
FNF:4
FNH:4
LF:29
LH:28
BRF:6
BRH:4
end_of_record
TN:
SF:src/dollar/core/CreditNFTManager.sol
FN:61,CreditNFTManager.setExpiredCreditNFTConversionRate
FNDA:2,CreditNFTManager.setExpiredCreditNFTConversionRate
DA:64,1
DA:68,1
FN:71,CreditNFTManager.setCreditNFTLength
FNDA:2,CreditNFTManager.setCreditNFTLength
DA:74,1
DA:78,1
FN:84,CreditNFTManager.exchangeDollarsForCreditNFT
FNDA:2,CreditNFTManager.exchangeDollarsForCreditNFT
DA:87,2
DA:89,2
BRDA:89,0,0,1
BRDA:89,0,1,1
DA:94,1
DA:95,1
DA:99,1
BRDA:99,1,0,1
BRDA:99,1,1,1
DA:100,1
DA:101,1
DA:102,1
DA:105,1
DA:108,1
DA:113,1
DA:118,1
DA:119,1
DA:122,1
FN:129,CreditNFTManager.exchangeDollarsForCredit
FNDA:2,CreditNFTManager.exchangeDollarsForCredit
DA:132,2
DA:134,2
BRDA:134,2,0,1
BRDA:134,2,1,1
DA:136,1
DA:137,1
DA:141,1
BRDA:141,3,0,1
BRDA:141,3,1,1
DA:142,1
DA:143,1
DA:144,1
DA:147,1
DA:150,1
DA:156,1
DA:161,1
DA:164,1
DA:167,1
FN:172,CreditNFTManager.getCreditNFTReturnedForDollars
FNDA:0,CreditNFTManager.getCreditNFTReturnedForDollars
DA:175,0
DA:178,0
FN:183,CreditNFTManager.getCreditReturnedForDollars
FNDA:0,CreditNFTManager.getCreditReturnedForDollars
DA:186,0
DA:189,0
FN:193,CreditNFTManager.onERC1155Received
FNDA:0,CreditNFTManager.onERC1155Received
DA:200,0
BRDA:200,4,0,-
BRDA:200,4,1,-
DA:202,0
DA:210,0
FN:216,CreditNFTManager.onERC1155BatchReceived
FNDA:0,CreditNFTManager.onERC1155BatchReceived
DA:224,0
FN:231,CreditNFTManager.burnExpiredCreditNFTForGovernance
FNDA:3,CreditNFTManager.burnExpiredCreditNFTForGovernance
DA:236,3
DA:238,3
BRDA:238,5,0,1
BRDA:238,5,1,2
DA:239,2
BRDA:239,6,0,1
BRDA:239,6,1,1
DA:244,1
DA:247,1
DA:250,1
DA:251,1
FN:259,CreditNFTManager.burnCreditNFTForCredit
FNDA:3,CreditNFTManager.burnCreditNFTForCredit
DA:264,3
DA:266,3
BRDA:266,7,0,1
BRDA:266,7,1,2
DA:267,2
BRDA:267,8,0,1
BRDA:267,8,1,1
DA:272,1
DA:275,1
DA:278,1
DA:279,1
DA:281,1
FN:287,CreditNFTManager.burnCreditTokensForDollars
FNDA:3,CreditNFTManager.burnCreditTokensForDollars
DA:290,3
DA:291,3
BRDA:291,9,0,1
BRDA:291,9,1,2
DA:292,2
BRDA:292,10,0,-
BRDA:292,10,1,2
DA:293,0
DA:295,2
DA:298,2
BRDA:298,11,0,1
BRDA:298,11,1,1
DA:303,1
DA:306,1
DA:308,1
BRDA:308,12,0,-
BRDA:308,12,1,1
DA:309,1
DA:310,1
DA:313,1
DA:314,1
BRDA:314,13,0,1
BRDA:314,13,1,1
DA:315,1
DA:317,1
DA:318,1
DA:320,1
FN:326,CreditNFTManager.redeemCreditNFT
FNDA:6,CreditNFTManager.redeemCreditNFT
DA:330,6
DA:332,6
BRDA:332,14,0,1
BRDA:332,14,1,5
DA:336,5
BRDA:336,15,0,-
BRDA:336,15,1,5
DA:337,0
DA:339,5
DA:341,5
BRDA:341,16,0,1
BRDA:341,16,1,4
DA:342,4
BRDA:342,17,0,1
BRDA:342,17,1,3
DA:347,3
DA:348,3
DA:351,3
DA:355,3
BRDA:355,18,0,1
BRDA:355,18,1,2
DA:359,2
DA:361,2
DA:363,2
BRDA:363,19,0,1
BRDA:363,19,1,2
DA:364,1
DA:366,2
BRDA:366,20,0,1
BRDA:366,20,1,1
DA:372,1
DA:373,1
DA:375,1
FN:378,CreditNFTManager.mintClaimableDollars
FNDA:1,CreditNFTManager.mintClaimableDollars
DA:379,5
DA:380,5
DA:383,5
DA:386,5
DA:388,5
DA:390,5
DA:394,5
DA:395,5
DA:399,5
DA:400,5
DA:403,5
BRDA:403,21,0,-
BRDA:403,21,1,1
DA:404,1
DA:407,1
DA:411,1
DA:415,1
FN:419,CreditNFTManager._getTwapPrice
FNDA:13,CreditNFTManager._getTwapPrice
DA:420,13
DA:421,13
FNF:14
FNH:10
LF:108
LH:98
BRF:44
BRH:38
end_of_record
TN:
SF:src/dollar/core/CreditNFTRedemptionCalculator.sol
FN:25,CreditNFTRedemptionCalculator.getCreditNFTAmount
FNDA:2,CreditNFTRedemptionCalculator.getCreditNFTAmount
DA:28,2
BRDA:28,0,0,1
BRDA:28,0,1,1
DA:33,1
DA:34,1
DA:37,1
DA:41,1
DA:42,1
DA:43,1
FNF:1
FNH:1
LF:7
LH:7
BRF:2
BRH:2
end_of_record
TN:
SF:src/dollar/core/CreditRedemptionCalculator.sol
FN:34,CreditRedemptionCalculator.setConstant
FNDA:0,CreditRedemptionCalculator.setConstant
DA:35,0
FN:39,CreditRedemptionCalculator.getConstant
FNDA:0,CreditRedemptionCalculator.getConstant
DA:40,0
FN:44,CreditRedemptionCalculator.getCreditAmount
FNDA:0,CreditRedemptionCalculator.getCreditAmount
DA:48,0
BRDA:48,0,0,-
BRDA:48,0,1,-
DA:53,0
DA:54,0
DA:55,0
DA:57,0
DA:58,0
DA:59,0
FNF:3
FNH:0
LF:9
LH:0
BRF:2
BRH:0
end_of_record
TN:
SF:src/dollar/core/DollarMintCalculator.sol
FN:24,DollarMintCalculator.getDollarsToMint
FNDA:3,DollarMintCalculator.getDollarsToMint
DA:25,3
DA:28,3
DA:29,3
BRDA:29,0,0,1
BRDA:29,0,1,2
DA:30,2
FNF:1
FNH:1
LF:4
LH:4
BRF:2
BRH:2
end_of_record
TN:
SF:src/dollar/core/DollarMintExcess.sol
FN:33,DollarMintExcess.distributeDollars
FNDA:1,DollarMintExcess.distributeDollars
DA:35,1
DA:37,1
BRDA:37,0,0,-
BRDA:37,0,1,1
DA:38,1
DA:41,1
DA:45,1
DA:49,1
DA:54,1
DA:57,1
FN:64,DollarMintExcess._swapDollarsForGovernance
FNDA:3,DollarMintExcess._swapDollarsForGovernance
DA:67,3
DA:68,3
DA:69,3
DA:70,3
DA:78,3
FN:82,DollarMintExcess._governanceBuyBackLPAndBurn
FNDA:2,DollarMintExcess._governanceBuyBackLPAndBurn
DA:83,2
DA:86,2
DA:90,2
DA:94,2
DA:98,2
DA:102,2
DA:108,2
FN:124,DollarMintExcess._convertToCurveLPAndTransfer
FNDA:2,DollarMintExcess._convertToCurveLPAndTransfer
DA:128,2
DA:132,2
DA:138,2
DA:143,2
DA:147,2
DA:153,2
DA:160,2
FNF:4
FNH:4
LF:27
LH:27
BRF:2
BRH:1
end_of_record
TN:
SF:src/dollar/core/TWAPOracleDollar3pool.sol
FN:46,TWAPOracleDollar3pool.update
FNDA:1,TWAPOracleDollar3pool.update
DA:47,1
DA:50,1
DA:52,1
BRDA:52,0,0,-
BRDA:52,0,1,1
DA:54,1
DA:61,1
DA:63,1
DA:65,1
DA:66,1
FN:72,TWAPOracleDollar3pool.consult
FNDA:2,TWAPOracleDollar3pool.consult
DA:73,2
BRDA:73,1,0,1
BRDA:73,1,1,1
DA:75,1
DA:77,1
BRDA:77,2,0,-
BRDA:77,2,1,1
DA:79,1
FN:83,TWAPOracleDollar3pool._currentCumulativePrices
FNDA:1,TWAPOracleDollar3pool._currentCumulativePrices
DA:88,1
DA:89,1
FNF:3
FNH:3
LF:14
LH:14
BRF:6
BRH:4
end_of_record
TN:
SF:src/dollar/core/UbiquityCreditToken.sol
FN:14,UbiquityCreditToken.raiseCapital
FNDA:0,UbiquityCreditToken.raiseCapital
DA:15,0
DA:16,0
FNF:1
FNH:0
LF:2
LH:0
BRF:0
BRH:0
end_of_record
TN:
SF:src/dollar/core/UbiquityDollarManager.sol
FN:77,UbiquityDollarManager.setTwapOracleAddress
FNDA:0,UbiquityDollarManager.setTwapOracleAddress
DA:80,0
DA:83,0
DA:84,0
FN:87,UbiquityDollarManager.setCreditTokenAddress
FNDA:0,UbiquityDollarManager.setCreditTokenAddress
DA:90,0
FN:93,UbiquityDollarManager.setCreditNFTAddress
FNDA:0,UbiquityDollarManager.setCreditNFTAddress
DA:94,0
FN:97,UbiquityDollarManager.setIncentiveToDollar
FNDA:0,UbiquityDollarManager.setIncentiveToDollar
DA:101,0
FN:107,UbiquityDollarManager.setDollarTokenAddress
FNDA:0,UbiquityDollarManager.setDollarTokenAddress
DA:110,0
FN:113,UbiquityDollarManager.setGovernanceTokenAddress
FNDA:0,UbiquityDollarManager.setGovernanceTokenAddress
DA:116,0
FN:119,UbiquityDollarManager.setSushiSwapPoolAddress
FNDA:0,UbiquityDollarManager.setSushiSwapPoolAddress
DA:122,0
FN:125,UbiquityDollarManager.setCreditCalculatorAddress
FNDA:0,UbiquityDollarManager.setCreditCalculatorAddress
DA:128,0
FN:131,UbiquityDollarManager.setCreditNFTCalculatorAddress
FNDA:0,UbiquityDollarManager.setCreditNFTCalculatorAddress
DA:134,0
FN:137,UbiquityDollarManager.setDollarMintCalculatorAddress
FNDA:0,UbiquityDollarManager.setDollarMintCalculatorAddress
DA:140,0
FN:143,UbiquityDollarManager.setExcessDollarsDistributor
FNDA:4,UbiquityDollarManager.setExcessDollarsDistributor
DA:147,4
FN:150,UbiquityDollarManager.setMasterChefAddress
FNDA:0,UbiquityDollarManager.setMasterChefAddress
DA:153,0
FN:156,UbiquityDollarManager.setFormulasAddress
FNDA:0,UbiquityDollarManager.setFormulasAddress
DA:157,0
FN:160,UbiquityDollarManager.setStakingShareAddress
FNDA:6,UbiquityDollarManager.setStakingShareAddress
DA:163,6
FN:166,UbiquityDollarManager.setStableSwapMetaPoolAddress
FNDA:2,UbiquityDollarManager.setStableSwapMetaPoolAddress
DA:169,2
FN:178,UbiquityDollarManager.setStakingContractAddress
FNDA:4,UbiquityDollarManager.setStakingContractAddress
DA:181,4
FN:189,UbiquityDollarManager.setTreasuryAddress
FNDA:0,UbiquityDollarManager.setTreasuryAddress
DA:190,0
FN:204,UbiquityDollarManager.deployStableSwapPool
FNDA:0,UbiquityDollarManager.deployStableSwapPool
DA:212,0
DA:220,0
DA:223,0
DA:226,0
DA:231,0
DA:232,0
DA:237,0
DA:238,0
DA:241,0
BRDA:241,0,0,-
BRDA:241,0,1,-
DA:247,0
DA:253,0
DA:254,0
FN:257,UbiquityDollarManager.getExcessDollarsDistributor
FNDA:2,UbiquityDollarManager.getExcessDollarsDistributor
DA:260,2
FNF:19
FNH:5
LF:32
LH:5
BRF:2
BRH:0
end_of_record
TN:
SF:src/dollar/core/UbiquityDollarToken.sol
FN:23,UbiquityDollarToken.setIncentiveContract
FNDA:7,UbiquityDollarToken.setIncentiveContract
DA:24,7
BRDA:24,0,0,1
BRDA:24,0,1,6
DA:32,6
DA:33,6
FN:36,UbiquityDollarToken._checkAndApplyIncentives
FNDA:2,UbiquityDollarToken._checkAndApplyIncentives
DA:42,2
DA:43,2
BRDA:43,1,0,-
BRDA:43,1,1,1
DA:44,1
DA:53,2
DA:54,2
BRDA:54,2,0,-
BRDA:54,2,1,1
DA:55,1
DA:64,2
DA:66,2
BRDA:65,3,0,-
BRDA:65,3,1,-
DA:70,0
DA:79,2
DA:80,2
BRDA:80,4,0,-
BRDA:80,4,1,2
DA:81,2
FN:90,UbiquityDollarToken._transfer
FNDA:2,UbiquityDollarToken._transfer
DA:95,2
DA:96,2
FNF:3
FNH:3
LF:17
LH:16
BRF:10
BRH:5
end_of_record
TN:
SF:src/dollar/libs/ABDKMath64x64.sol
FN:34,ABDKMath64x64.fromInt
FNDA:0,ABDKMath64x64.fromInt
DA:36,0
BRDA:36,0,0,-
BRDA:36,0,1,-
DA:37,0
FN:48,ABDKMath64x64.toInt
FNDA:0,ABDKMath64x64.toInt
DA:50,0
FN:61,ABDKMath64x64.fromUInt
FNDA:0,ABDKMath64x64.fromUInt
DA:63,0
BRDA:63,1,0,-
BRDA:63,1,1,-
DA:64,0
FN:75,ABDKMath64x64.toUInt
FNDA:0,ABDKMath64x64.toUInt
DA:77,0
BRDA:77,2,0,-
BRDA:77,2,1,-
DA:78,0
FN:89,ABDKMath64x64.from128x128
FNDA:0,ABDKMath64x64.from128x128
DA:91,0
DA:92,0
BRDA:92,3,0,-
BRDA:92,3,1,-
DA:93,0
FN:104,ABDKMath64x64.to128x128
FNDA:0,ABDKMath64x64.to128x128
DA:106,0
FN:117,ABDKMath64x64.add
FNDA:0,ABDKMath64x64.add
DA:119,0
DA:120,0
BRDA:120,4,0,-
BRDA:120,4,1,-
DA:121,0
FN:132,ABDKMath64x64.sub
FNDA:0,ABDKMath64x64.sub
DA:134,0
DA:135,0
BRDA:135,5,0,-
BRDA:135,5,1,-
DA:136,0
FN:147,ABDKMath64x64.mul
FNDA:0,ABDKMath64x64.mul
DA:149,0
DA:150,0
BRDA:150,6,0,-
BRDA:150,6,1,-
DA:151,0
FN:163,ABDKMath64x64.muli
FNDA:0,ABDKMath64x64.muli
DA:165,0
BRDA:165,7,0,-
BRDA:165,7,1,-
DA:166,0
BRDA:166,8,0,-
BRDA:166,8,1,-
DA:170,0
DA:172,0
DA:173,0
BRDA:173,9,0,-
BRDA:173,9,1,-
DA:174,0
DA:175,0
DA:177,0
BRDA:177,10,0,-
BRDA:177,10,1,-
DA:178,0
DA:179,0
DA:181,0
DA:182,0
BRDA:182,11,0,-
BRDA:182,11,1,-
DA:183,0
BRDA:183,12,0,-
BRDA:183,12,1,-
DA:187,0
DA:189,0
BRDA:189,13,0,-
BRDA:189,13,1,-
DA:193,0
FN:207,ABDKMath64x64.mulu
FNDA:0,ABDKMath64x64.mulu
DA:209,0
BRDA:209,14,0,-
BRDA:209,14,1,-
DA:210,0
DA:213,0
BRDA:213,15,0,-
BRDA:213,15,1,-
DA:215,0
DA:217,0
DA:219,0
BRDA:219,16,0,-
BRDA:219,16,1,-
DA:220,0
DA:222,0
BRDA:222,17,0,-
BRDA:222,17,1,-
DA:227,0
FN:239,ABDKMath64x64.div
FNDA:0,ABDKMath64x64.div
DA:241,0
BRDA:241,18,0,-
BRDA:241,18,1,-
DA:242,0
DA:243,0
BRDA:243,19,0,-
BRDA:243,19,1,-
DA:244,0
FN:256,ABDKMath64x64.divi
FNDA:0,ABDKMath64x64.divi
DA:258,0
BRDA:258,20,0,-
BRDA:258,20,1,-
DA:260,0
DA:261,0
BRDA:261,21,0,-
BRDA:261,21,1,-
DA:262,0
DA:263,0
DA:265,0
BRDA:265,22,0,-
BRDA:265,22,1,-
DA:266,0
DA:267,0
DA:269,0
DA:270,0
BRDA:270,23,0,-
BRDA:270,23,1,-
DA:271,0
BRDA:271,24,0,-
BRDA:271,24,1,-
DA:272,0
DA:274,0
BRDA:274,25,0,-
BRDA:274,25,1,-
DA:275,0
FN:288,ABDKMath64x64.divu
FNDA:0,ABDKMath64x64.divu
DA:290,0
BRDA:290,26,0,-
BRDA:290,26,1,-
DA:291,0
DA:292,0
BRDA:292,27,0,-
BRDA:292,27,1,-
DA:293,0
FN:303,ABDKMath64x64.neg
FNDA:0,ABDKMath64x64.neg
DA:305,0
BRDA:305,28,0,-
BRDA:305,28,1,-
DA:306,0
FN:316,ABDKMath64x64.abs
FNDA:0,ABDKMath64x64.abs
DA:318,0
BRDA:318,29,0,-
BRDA:318,29,1,-
DA:319,0
FN:330,ABDKMath64x64.inv
FNDA:0,ABDKMath64x64.inv
DA:332,0
BRDA:332,30,0,-
BRDA:332,30,1,-
DA:333,0
DA:334,0
BRDA:334,31,0,-
BRDA:334,31,1,-
DA:335,0
FN:346,ABDKMath64x64.avg
FNDA:0,ABDKMath64x64.avg
DA:348,0
FN:360,ABDKMath64x64.gavg
FNDA:0,ABDKMath64x64.gavg
DA:362,0
DA:363,0
BRDA:363,32,0,-
BRDA:363,32,1,-
DA:364,0
BRDA:364,33,0,-
BRDA:364,33,1,-
DA:368,0
FN:380,ABDKMath64x64.pow
FNDA:0,ABDKMath64x64.pow
DA:382,0
DA:384,0
DA:385,0
DA:386,0
DA:388,0
BRDA:388,34,0,-
BRDA:388,34,1,-
DA:389,0
DA:390,0
DA:391,0
BRDA:391,35,0,-
BRDA:391,35,1,-
DA:392,0
DA:394,0
DA:396,0
BRDA:396,36,0,-
BRDA:396,36,1,-
DA:397,0
DA:399,0
DA:401,0
BRDA:401,37,0,-
BRDA:401,37,1,-
DA:402,0
DA:404,0
DA:406,0
BRDA:406,38,0,-
BRDA:406,38,1,-
DA:407,0
DA:409,0
DA:411,0
DA:414,0
DA:416,0
DA:417,0
BRDA:417,39,0,-
BRDA:417,39,1,-
DA:418,0
DA:419,0
DA:421,0
BRDA:421,40,0,-
BRDA:421,40,1,-
DA:422,0
DA:423,0
DA:425,0
BRDA:425,41,0,-
BRDA:425,41,1,-
DA:426,0
DA:427,0
DA:429,0
BRDA:429,42,0,-
BRDA:429,42,1,-
DA:430,0
DA:431,0
DA:433,0
BRDA:433,43,0,-
BRDA:433,43,1,-
DA:434,0
DA:435,0
DA:437,0
BRDA:437,44,0,-
BRDA:437,44,1,-
DA:438,0
DA:439,0
DA:442,0
DA:443,0
DA:444,0
BRDA:444,45,0,-
BRDA:444,45,1,-
DA:446,0
BRDA:446,46,0,-
BRDA:446,46,1,-
DA:447,0
DA:448,0
DA:449,0
BRDA:449,47,0,-
BRDA:449,47,1,-
DA:450,0
DA:451,0
DA:454,0
DA:455,0
DA:456,0
BRDA:456,48,0,-
BRDA:456,48,1,-
DA:457,0
DA:458,0
DA:461,0
DA:464,0
BRDA:464,49,0,-
BRDA:464,49,1,-
DA:465,0
DA:467,0
DA:468,0
BRDA:468,50,0,-
BRDA:468,50,1,-
DA:469,0
FN:479,ABDKMath64x64.sqrt
FNDA:0,ABDKMath64x64.sqrt
DA:481,0
BRDA:481,51,0,-
BRDA:481,51,1,-
DA:482,0
FN:492,ABDKMath64x64.log_2
FNDA:0,ABDKMath64x64.log_2
DA:494,0
BRDA:494,52,0,-
BRDA:494,52,1,-
DA:496,0
DA:497,0
DA:498,0
BRDA:498,53,0,-
BRDA:498,53,1,-
DA:499,0
DA:500,0
DA:502,0
BRDA:502,54,0,-
BRDA:502,54,1,-
DA:503,0
DA:504,0
DA:506,0
BRDA:506,55,0,-
BRDA:506,55,1,-
DA:507,0
DA:508,0
DA:510,0
BRDA:510,56,0,-
BRDA:510,56,1,-
DA:511,0
DA:512,0
DA:514,0
BRDA:514,57,0,-
BRDA:514,57,1,-
DA:515,0
DA:516,0
DA:518,0
BRDA:518,58,0,-
BRDA:518,58,1,-
DA:519,0
DA:520,0
DA:522,0
BRDA:522,59,0,-
BRDA:522,59,1,-
DA:523,0
DA:526,0
DA:527,0
DA:528,0
DA:529,0
DA:530,0
DA:531,0
DA:532,0
DA:535,0
FN:545,ABDKMath64x64.ln
FNDA:0,ABDKMath64x64.ln
DA:547,0
BRDA:547,60,0,-
BRDA:547,60,1,-
DA:549,0
FN:565,ABDKMath64x64.exp_2
FNDA:0,ABDKMath64x64.exp_2
DA:567,0
BRDA:567,61,0,-
BRDA:567,61,1,-
DA:569,0
BRDA:569,62,0,-
BRDA:569,62,1,-
DA:570,0
DA:573,0
DA:575,0
BRDA:575,63,0,-
BRDA:575,63,1,-
DA:576,0
DA:578,0
BRDA:578,64,0,-
BRDA:578,64,1,-
DA:579,0
DA:581,0
BRDA:581,65,0,-
BRDA:581,65,1,-
DA:582,0
DA:584,0
BRDA:584,66,0,-
BRDA:584,66,1,-
DA:585,0
DA:587,0
BRDA:587,67,0,-
BRDA:587,67,1,-
DA:588,0
DA:590,0
BRDA:590,68,0,-
BRDA:590,68,1,-
DA:591,0
DA:593,0
BRDA:593,69,0,-
BRDA:593,69,1,-
DA:594,0
DA:596,0
BRDA:596,70,0,-
BRDA:596,70,1,-
DA:597,0
DA:599,0
BRDA:599,71,0,-
BRDA:599,71,1,-
DA:600,0
DA:602,0
BRDA:602,72,0,-
BRDA:602,72,1,-
DA:603,0
DA:605,0
BRDA:605,73,0,-
BRDA:605,73,1,-
DA:606,0
DA:608,0
BRDA:608,74,0,-
BRDA:608,74,1,-
DA:609,0
DA:611,0
BRDA:611,75,0,-
BRDA:611,75,1,-
DA:612,0
DA:614,0
BRDA:614,76,0,-
BRDA:614,76,1,-
DA:615,0
DA:617,0
BRDA:617,77,0,-
BRDA:617,77,1,-
DA:618,0
DA:620,0
BRDA:620,78,0,-
BRDA:620,78,1,-
DA:621,0
DA:623,0
BRDA:623,79,0,-
BRDA:623,79,1,-
DA:624,0
DA:626,0
BRDA:626,80,0,-
BRDA:626,80,1,-
DA:627,0
DA:629,0
BRDA:629,81,0,-
BRDA:629,81,1,-
DA:630,0
DA:632,0
BRDA:632,82,0,-
BRDA:632,82,1,-
DA:633,0
DA:635,0
BRDA:635,83,0,-
BRDA:635,83,1,-
DA:636,0
DA:638,0
BRDA:638,84,0,-
BRDA:638,84,1,-
DA:639,0
DA:641,0
BRDA:641,85,0,-
BRDA:641,85,1,-
DA:642,0
DA:644,0
BRDA:644,86,0,-
BRDA:644,86,1,-
DA:645,0
DA:647,0
BRDA:647,87,0,-
BRDA:647,87,1,-
DA:648,0
DA:650,0
BRDA:650,88,0,-
BRDA:650,88,1,-
DA:651,0
DA:653,0
BRDA:653,89,0,-
BRDA:653,89,1,-
DA:654,0
DA:656,0
BRDA:656,90,0,-
BRDA:656,90,1,-
DA:657,0
DA:659,0
BRDA:659,91,0,-
BRDA:659,91,1,-
DA:660,0
DA:662,0
BRDA:662,92,0,-
BRDA:662,92,1,-
DA:663,0
DA:665,0
BRDA:665,93,0,-
BRDA:665,93,1,-
DA:666,0
DA:668,0
BRDA:668,94,0,-
BRDA:668,94,1,-
DA:669,0
DA:671,0
BRDA:671,95,0,-
BRDA:671,95,1,-
DA:672,0
DA:674,0
BRDA:674,96,0,-
BRDA:674,96,1,-
DA:675,0
DA:677,0
BRDA:677,97,0,-
BRDA:677,97,1,-
DA:678,0
DA:680,0
BRDA:680,98,0,-
BRDA:680,98,1,-
DA:681,0
DA:683,0
BRDA:683,99,0,-
BRDA:683,99,1,-
DA:684,0
DA:686,0
BRDA:686,100,0,-
BRDA:686,100,1,-
DA:687,0
DA:689,0
BRDA:689,101,0,-
BRDA:689,101,1,-
DA:690,0
DA:692,0
BRDA:692,102,0,-
BRDA:692,102,1,-
DA:693,0
DA:695,0
BRDA:695,103,0,-
BRDA:695,103,1,-
DA:696,0
DA:698,0
BRDA:698,104,0,-
BRDA:698,104,1,-
DA:699,0
DA:701,0
BRDA:701,105,0,-
BRDA:701,105,1,-
DA:702,0
DA:704,0
BRDA:704,106,0,-
BRDA:704,106,1,-
DA:705,0
DA:707,0
BRDA:707,107,0,-
BRDA:707,107,1,-
DA:708,0
DA:710,0
BRDA:710,108,0,-
BRDA:710,108,1,-
DA:711,0
DA:713,0
BRDA:713,109,0,-
BRDA:713,109,1,-
DA:714,0
DA:716,0
BRDA:716,110,0,-
BRDA:716,110,1,-
DA:717,0
DA:719,0
BRDA:719,111,0,-
BRDA:719,111,1,-
DA:720,0
DA:722,0
BRDA:722,112,0,-
BRDA:722,112,1,-
DA:723,0
DA:725,0
BRDA:725,113,0,-
BRDA:725,113,1,-
DA:726,0
DA:728,0
BRDA:728,114,0,-
BRDA:728,114,1,-
DA:729,0
DA:731,0
BRDA:731,115,0,-
BRDA:731,115,1,-
DA:732,0
DA:734,0
BRDA:734,116,0,-
BRDA:734,116,1,-
DA:735,0
DA:737,0
BRDA:737,117,0,-
BRDA:737,117,1,-
DA:738,0
DA:740,0
BRDA:740,118,0,-
BRDA:740,118,1,-
DA:741,0
DA:743,0
BRDA:743,119,0,-
BRDA:743,119,1,-
DA:744,0
DA:746,0
BRDA:746,120,0,-
BRDA:746,120,1,-
DA:747,0
DA:749,0
BRDA:749,121,0,-
BRDA:749,121,1,-
DA:750,0
DA:752,0
BRDA:752,122,0,-
BRDA:752,122,1,-
DA:753,0
DA:755,0
BRDA:755,123,0,-
BRDA:755,123,1,-
DA:756,0
DA:758,0
BRDA:758,124,0,-
BRDA:758,124,1,-
DA:759,0
DA:761,0
BRDA:761,125,0,-
BRDA:761,125,1,-
DA:762,0
DA:764,0
BRDA:764,126,0,-
BRDA:764,126,1,-
DA:765,0
DA:768,0
DA:769,0
BRDA:769,127,0,-
BRDA:769,127,1,-
DA:771,0
FN:781,ABDKMath64x64.exp
FNDA:0,ABDKMath64x64.exp
DA:783,0
BRDA:783,128,0,-
BRDA:783,128,1,-
DA:785,0
BRDA:785,129,0,-
BRDA:785,129,1,-
DA:786,0
DA:789,0
FN:806,ABDKMath64x64.divuu
FNDA:0,ABDKMath64x64.divuu
DA:808,0
BRDA:808,130,0,-
BRDA:808,130,1,-
DA:810,0
DA:812,0
BRDA:812,131,0,-
BRDA:812,131,1,-
DA:813,0
DA:815,0
DA:816,0
DA:817,0
BRDA:817,132,0,-
BRDA:817,132,1,-
DA:818,0
DA:819,0
DA:821,0
BRDA:821,133,0,-
BRDA:821,133,1,-
DA:822,0
DA:823,0
DA:825,0
BRDA:825,134,0,-
BRDA:825,134,1,-
DA:826,0
DA:827,0
DA:829,0
BRDA:829,135,0,-
BRDA:829,135,1,-
DA:830,0
DA:831,0
DA:833,0
BRDA:833,136,0,-
BRDA:833,136,1,-
DA:834,0
DA:835,0
DA:837,0
BRDA:837,137,0,-
BRDA:837,137,1,-
DA:838,0
DA:841,0
DA:842,0
BRDA:842,138,0,-
BRDA:842,138,1,-
DA:844,0
DA:845,0
DA:847,0
DA:848,0
DA:850,0
BRDA:850,139,0,-
BRDA:850,139,1,-
DA:851,0
DA:853,0
DA:854,0
DA:855,0
BRDA:855,140,0,-
BRDA:855,140,1,-
DA:856,0
DA:858,0
DA:860,0
BRDA:860,141,0,-
BRDA:860,141,1,-
DA:862,0
DA:865,0
BRDA:865,142,0,-
BRDA:865,142,1,-
DA:866,0
FN:877,ABDKMath64x64.sqrtu
FNDA:0,ABDKMath64x64.sqrtu
DA:879,0
BRDA:879,143,0,-
BRDA:879,143,1,-
DA:880,0
DA:882,0
DA:883,0
DA:884,0
BRDA:884,144,0,-
BRDA:884,144,1,-
DA:885,0
DA:886,0
DA:888,0
BRDA:888,145,0,-
BRDA:888,145,1,-
DA:889,0
DA:890,0
DA:892,0
BRDA:892,146,0,-
BRDA:892,146,1,-
DA:893,0
DA:894,0
DA:896,0
BRDA:896,147,0,-
BRDA:896,147,1,-
DA:897,0
DA:898,0
DA:900,0
BRDA:900,148,0,-
BRDA:900,148,1,-
DA:901,0
DA:902,0
DA:904,0
BRDA:904,149,0,-
BRDA:904,149,1,-
DA:905,0
DA:906,0
DA:908,0
BRDA:908,150,0,-
BRDA:908,150,1,-
DA:909,0
DA:911,0
DA:912,0
DA:913,0
DA:914,0
DA:915,0
DA:916,0
DA:917,0
DA:918,0
DA:919,0
FNF:27
FNH:0
LF:387
LH:0
BRF:302
BRH:0
end_of_record
TN:
SF:src/dollar/libs/ABDKMathQuad.sol
FN:50,ABDKMathQuad.fromInt
FNDA:0,ABDKMathQuad.fromInt
DA:52,0
BRDA:52,0,0,-
BRDA:52,0,1,-
DA:53,0
DA:56,0
DA:58,0
DA:59,0
BRDA:59,1,0,-
BRDA:59,1,1,-
DA:60,0
DA:61,0
BRDA:61,2,0,-
BRDA:61,2,1,-
DA:62,0
DA:65,0
DA:68,0
BRDA:68,3,0,-
BRDA:68,3,1,-
DA:69,0
DA:72,0
FN:84,ABDKMathQuad.toInt
FNDA:0,ABDKMathQuad.toInt
DA:86,0
DA:88,0
BRDA:88,4,0,-
BRDA:88,4,1,-
DA:89,0
BRDA:89,5,0,-
BRDA:89,5,1,-
DA:90,0
DA:93,0
DA:97,0
BRDA:97,6,0,-
BRDA:97,6,1,-
DA:98,0
DA:99,0
BRDA:99,7,0,-
BRDA:99,7,1,-
DA:100,0
DA:103,0
BRDA:103,8,0,-
BRDA:103,8,1,-
DA:105,0
BRDA:105,9,0,-
BRDA:105,9,1,-
DA:109,0
DA:111,0
BRDA:111,10,0,-
BRDA:111,10,1,-
DA:115,0
FN:126,ABDKMathQuad.fromUInt
FNDA:0,ABDKMathQuad.fromUInt
DA:128,0
BRDA:128,11,0,-
BRDA:128,11,1,-
DA:129,0
DA:131,0
DA:133,0
DA:134,0
BRDA:134,12,0,-
BRDA:134,12,1,-
DA:135,0
DA:136,0
BRDA:136,13,0,-
BRDA:136,13,1,-
DA:137,0
DA:140,0
DA:144,0
FN:158,ABDKMathQuad.toUInt
FNDA:0,ABDKMathQuad.toUInt
DA:160,0
DA:162,0
BRDA:162,14,0,-
BRDA:162,14,1,-
DA:163,0
DA:166,0
BRDA:166,15,0,-
BRDA:166,15,1,-
DA:168,0
BRDA:168,16,0,-
BRDA:168,16,1,-
DA:169,0
DA:173,0
BRDA:173,17,0,-
BRDA:173,17,1,-
DA:174,0
DA:175,0
BRDA:175,18,0,-
BRDA:175,18,1,-
DA:176,0
DA:179,0
FN:190,ABDKMathQuad.from128x128
FNDA:0,ABDKMathQuad.from128x128
DA:192,0
BRDA:192,19,0,-
BRDA:192,19,1,-
DA:193,0
DA:196,0
DA:198,0
DA:199,0
BRDA:199,20,0,-
BRDA:199,20,1,-
DA:200,0
DA:201,0
BRDA:201,21,0,-
BRDA:201,21,1,-
DA:202,0
DA:205,0
DA:208,0
BRDA:208,22,0,-
BRDA:208,22,1,-
DA:209,0
DA:212,0
FN:224,ABDKMathQuad.to128x128
FNDA:0,ABDKMathQuad.to128x128
DA:226,0
DA:228,0
BRDA:228,23,0,-
BRDA:228,23,1,-
DA:229,0
BRDA:229,24,0,-
BRDA:229,24,1,-
DA:230,0
DA:233,0
DA:237,0
BRDA:237,25,0,-
BRDA:237,25,1,-
DA:238,0
DA:239,0
BRDA:239,26,0,-
BRDA:239,26,1,-
DA:240,0
DA:243,0
BRDA:243,27,0,-
BRDA:243,27,1,-
DA:245,0
BRDA:245,28,0,-
BRDA:245,28,1,-
DA:249,0
DA:251,0
BRDA:251,29,0,-
BRDA:251,29,1,-
DA:255,0
FN:267,ABDKMathQuad.from64x64
FNDA:0,ABDKMathQuad.from64x64
DA:269,0
BRDA:269,30,0,-
BRDA:269,30,1,-
DA:270,0
DA:273,0
DA:275,0
DA:276,0
BRDA:276,31,0,-
BRDA:276,31,1,-
DA:277,0
DA:278,0
BRDA:278,32,0,-
BRDA:278,32,1,-
DA:279,0
DA:282,0
DA:285,0
BRDA:285,33,0,-
BRDA:285,33,1,-
DA:286,0
DA:289,0
FN:301,ABDKMathQuad.to64x64
FNDA:0,ABDKMathQuad.to64x64
DA:303,0
DA:305,0
BRDA:305,34,0,-
BRDA:305,34,1,-
DA:306,0
BRDA:306,35,0,-
BRDA:306,35,1,-
DA:307,0
DA:310,0
DA:314,0
BRDA:314,36,0,-
BRDA:314,36,1,-
DA:315,0
DA:316,0
BRDA:316,37,0,-
BRDA:316,37,1,-
DA:317,0
DA:320,0
BRDA:320,38,0,-
BRDA:320,38,1,-
DA:322,0
BRDA:322,39,0,-
BRDA:322,39,1,-
DA:323,0
DA:325,0
BRDA:325,40,0,-
BRDA:325,40,1,-
DA:326,0
FN:337,ABDKMathQuad.fromOctuple
FNDA:0,ABDKMathQuad.fromOctuple
DA:339,0
DA:343,0
DA:344,0
DA:347,0
BRDA:347,41,0,-
BRDA:347,41,1,-
DA:348,0
BRDA:348,42,0,-
BRDA:348,42,1,-
DA:349,0
DA:351,0
DA:355,0
BRDA:355,43,0,-
BRDA:355,43,1,-
DA:356,0
DA:357,0
BRDA:357,44,0,-
BRDA:357,44,1,-
DA:358,0
DA:359,0
BRDA:359,45,0,-
BRDA:359,45,1,-
DA:360,0
DA:364,0
DA:366,0
DA:367,0
DA:370,0
DA:371,0
BRDA:371,46,0,-
BRDA:371,46,1,-
DA:372,0
DA:375,0
FN:385,ABDKMathQuad.toOctuple
FNDA:0,ABDKMathQuad.toOctuple
DA:387,0
DA:389,0
DA:391,0
BRDA:391,47,0,-
BRDA:391,47,1,-
DA:392,0
DA:395,0
BRDA:395,48,0,-
BRDA:395,48,1,-
DA:396,0
BRDA:396,49,0,-
BRDA:396,49,1,-
DA:397,0
DA:398,0
DA:401,0
DA:404,0
DA:405,0
DA:408,0
DA:409,0
BRDA:409,50,0,-
BRDA:409,50,1,-
DA:410,0
DA:413,0
FN:423,ABDKMathQuad.fromDouble
FNDA:0,ABDKMathQuad.fromDouble
DA:425,0
DA:427,0
DA:429,0
BRDA:429,51,0,-
BRDA:429,51,1,-
DA:430,0
DA:433,0
BRDA:433,52,0,-
BRDA:433,52,1,-
DA:434,0
BRDA:434,53,0,-
BRDA:434,53,1,-
DA:435,0
DA:436,0
DA:439,0
DA:442,0
DA:443,0
DA:446,0
DA:447,0
BRDA:447,54,0,-
BRDA:447,54,1,-
DA:448,0
DA:451,0
FN:461,ABDKMathQuad.toDouble
FNDA:0,ABDKMathQuad.toDouble
DA:463,0
DA:465,0
DA:466,0
DA:468,0
BRDA:468,55,0,-
BRDA:468,55,1,-
DA:469,0
BRDA:469,56,0,-
BRDA:469,56,1,-
DA:470,0
DA:474,0
DA:481,0
BRDA:481,57,0,-
BRDA:481,57,1,-
DA:482,0
DA:488,0
BRDA:488,58,0,-
BRDA:488,58,1,-
DA:489,0
DA:495,0
BRDA:495,59,0,-
BRDA:495,59,1,-
DA:496,0
DA:499,0
DA:501,0
DA:502,0
DA:505,0
DA:506,0
BRDA:506,60,0,-
BRDA:506,60,1,-
DA:507,0
DA:510,0
FN:520,ABDKMathQuad.isNaN
FNDA:0,ABDKMathQuad.isNaN
DA:522,0
FN:535,ABDKMathQuad.isInfinity
FNDA:0,ABDKMathQuad.isInfinity
DA:537,0
FN:550,ABDKMathQuad.sign
FNDA:0,ABDKMathQuad.sign
DA:552,0
DA:554,0
BRDA:554,61,0,-
BRDA:554,61,1,-
DA:556,0
BRDA:556,62,0,-
BRDA:556,62,1,-
DA:557,0
DA:558,0
BRDA:558,63,0,-
BRDA:558,63,1,-
DA:559,0
DA:561,0
FN:574,ABDKMathQuad.cmp
FNDA:0,ABDKMathQuad.cmp
DA:576,0
DA:578,0
BRDA:578,64,0,-
BRDA:578,64,1,-
DA:580,0
DA:582,0
BRDA:582,65,0,-
BRDA:582,65,1,-
DA:585,0
BRDA:585,66,0,-
BRDA:585,66,1,-
DA:587,0
BRDA:587,67,0,-
BRDA:587,67,1,-
DA:588,0
DA:590,0
DA:592,0
DA:595,0
BRDA:595,68,0,-
BRDA:595,68,1,-
DA:596,0
BRDA:596,69,0,-
BRDA:596,69,1,-
DA:597,0
DA:599,0
DA:602,0
BRDA:602,70,0,-
BRDA:602,70,1,-
DA:603,0
DA:605,0
FN:620,ABDKMathQuad.eq
FNDA:0,ABDKMathQuad.eq
DA:622,0
BRDA:622,71,0,-
BRDA:622,71,1,-
DA:623,0
DA:627,0
FN:646,ABDKMathQuad.add
FNDA:0,ABDKMathQuad.add
DA:648,0
DA:649,0
DA:651,0
BRDA:651,72,0,-
BRDA:651,72,1,-
DA:652,0
BRDA:652,73,0,-
BRDA:652,73,1,-
DA:653,0
BRDA:653,74,0,-
BRDA:653,74,1,-
DA:654,0
DA:656,0
DA:659,0
DA:661,0
BRDA:661,75,0,-
BRDA:661,75,1,-
DA:662,0
DA:664,0
DA:665,0
DA:667,0
BRDA:667,76,0,-
BRDA:667,76,1,-
DA:668,0
DA:670,0
DA:673,0
DA:674,0
DA:676,0
BRDA:676,77,0,-
BRDA:676,77,1,-
DA:677,0
DA:679,0
DA:682,0
BRDA:682,78,0,-
BRDA:682,78,1,-
DA:683,0
DA:684,0
BRDA:684,79,0,-
BRDA:684,79,1,-
DA:685,0
DA:687,0
DA:689,0
BRDA:689,80,0,-
BRDA:689,80,1,-
DA:690,0
BRDA:690,81,0,-
BRDA:690,81,1,-
DA:691,0
DA:692,0
BRDA:692,82,0,-
BRDA:692,82,1,-
DA:693,0
DA:694,0
BRDA:694,83,0,-
BRDA:694,83,1,-
DA:695,0
DA:696,0
BRDA:696,84,0,-
BRDA:696,84,1,-
DA:697,0
DA:698,0
DA:701,0
DA:703,0
BRDA:703,85,0,-
BRDA:703,85,1,-
DA:704,0
DA:705,0
DA:708,0
BRDA:708,86,0,-
BRDA:708,86,1,-
DA:709,0
DA:712,0
BRDA:712,87,0,-
BRDA:712,87,1,-
DA:713,0
DA:715,0
DA:718,0
DA:732,0
BRDA:732,88,0,-
BRDA:732,88,1,-
DA:733,0
DA:734,0
DA:735,0
BRDA:735,89,0,-
BRDA:735,89,1,-
DA:736,0
DA:737,0
DA:740,0
BRDA:740,90,0,-
BRDA:740,90,1,-
DA:741,0
DA:742,0
BRDA:742,91,0,-
BRDA:742,91,1,-
DA:743,0
DA:746,0
BRDA:746,92,0,-
BRDA:746,92,1,-
DA:747,0
DA:748,0
BRDA:748,93,0,-
BRDA:748,93,1,-
DA:749,0
DA:754,0
BRDA:754,94,0,-
BRDA:754,94,1,-
DA:755,0
DA:757,0
DA:758,0
DA:761,0
BRDA:761,95,0,-
BRDA:761,95,1,-
DA:762,0
DA:765,0
DA:767,0
BRDA:767,96,0,-
BRDA:767,96,1,-
DA:768,0
DA:771,0
DA:772,0
BRDA:772,97,0,-
BRDA:772,97,1,-
DA:773,0
DA:774,0
BRDA:774,98,0,-
BRDA:774,98,1,-
DA:775,0
DA:778,0
DA:780,0
DA:781,0
DA:784,0
DA:787,0
BRDA:787,99,0,-
BRDA:787,99,1,-
DA:788,0
DA:791,0
FN:824,ABDKMathQuad.sub
FNDA:0,ABDKMathQuad.sub
DA:826,0
FN:849,ABDKMathQuad.mul
FNDA:0,ABDKMathQuad.mul
DA:851,0
DA:852,0
DA:854,0
BRDA:854,100,0,-
BRDA:854,100,1,-
DA:855,0
BRDA:855,101,0,-
BRDA:855,101,1,-
DA:856,0
BRDA:856,102,0,-
BRDA:856,102,1,-
DA:857,0
DA:858,0
BRDA:858,103,0,-
BRDA:858,103,1,-
DA:859,0
DA:861,0
DA:864,0
BRDA:864,104,0,-
BRDA:864,104,1,-
DA:865,0
DA:867,0
DA:870,0
BRDA:870,105,0,-
BRDA:870,105,1,-
DA:871,0
BRDA:871,106,0,-
BRDA:871,106,1,-
DA:872,0
DA:874,0
DA:877,0
DA:879,0
BRDA:879,107,0,-
BRDA:879,107,1,-
DA:880,0
DA:882,0
DA:885,0
DA:887,0
BRDA:887,108,0,-
BRDA:887,108,1,-
DA:888,0
DA:890,0
DA:893,0
DA:894,0
BRDA:894,109,0,-
BRDA:894,109,1,-
DA:895,0
DA:901,0
DA:903,0
DA:911,0
BRDA:911,110,0,-
BRDA:911,110,1,-
DA:913,0
DA:914,0
DA:915,0
BRDA:915,111,0,-
BRDA:915,111,1,-
DA:917,0
BRDA:917,112,0,-
BRDA:917,112,1,-
DA:918,0
DA:919,0
BRDA:919,113,0,-
BRDA:919,113,1,-
DA:920,0
DA:922,0
DA:923,0
BRDA:923,114,0,-
BRDA:923,114,1,-
DA:924,0
DA:925,0
DA:927,0
BRDA:927,115,0,-
BRDA:927,115,1,-
DA:928,0
DA:929,0
BRDA:929,116,0,-
BRDA:929,116,1,-
DA:930,0
DA:933,0
DA:935,0
DA:938,0
FN:986,ABDKMathQuad.div
FNDA:0,ABDKMathQuad.div
DA:988,0
DA:989,0
DA:991,0
BRDA:991,117,0,-
BRDA:991,117,1,-
DA:992,0
BRDA:992,118,0,-
BRDA:992,118,1,-
DA:993,0
DA:995,0
DA:997,0
BRDA:997,119,0,-
BRDA:997,119,1,-
DA:998,0
BRDA:998,120,0,-
BRDA:998,120,1,-
DA:999,0
DA:1001,0
DA:1005,0
BRDA:1005,121,0,-
BRDA:1005,121,1,-
DA:1006,0
BRDA:1006,122,0,-
BRDA:1006,122,1,-
DA:1007,0
DA:1009,0
DA:1014,0
DA:1016,0
BRDA:1016,123,0,-
BRDA:1016,123,1,-
DA:1017,0
DA:1019,0
DA:1022,0
DA:1024,0
BRDA:1024,124,0,-
BRDA:1024,124,1,-
DA:1025,0
BRDA:1025,125,0,-
BRDA:1025,125,1,-
DA:1026,0
DA:1028,0
DA:1030,0
DA:1031,0
DA:1034,0
DA:1039,0
DA:1040,0
BRDA:1040,126,0,-
BRDA:1040,126,1,-
DA:1041,0
DA:1047,0
BRDA:1047,127,0,-
BRDA:1047,127,1,-
DA:1049,0
DA:1057,0
BRDA:1057,128,0,-
BRDA:1057,128,1,-
DA:1059,0
DA:1060,0
DA:1061,0
BRDA:1061,129,0,-
BRDA:1061,129,1,-
DA:1063,0
DA:1064,0
DA:1065,0
BRDA:1065,130,0,-
BRDA:1065,130,1,-
DA:1067,0
BRDA:1067,131,0,-
BRDA:1067,131,1,-
DA:1068,0
DA:1069,0
BRDA:1069,132,0,-
BRDA:1069,132,1,-
DA:1070,0
DA:1073,0
DA:1076,0
BRDA:1076,133,0,-
BRDA:1076,133,1,-
DA:1077,0
DA:1080,0
DA:1082,0
DA:1085,0
FN:1105,ABDKMathQuad.neg
FNDA:0,ABDKMathQuad.neg
DA:1107,0
FN:1117,ABDKMathQuad.abs
FNDA:0,ABDKMathQuad.abs
DA:1119,0
FN:1129,ABDKMathQuad.sqrt
FNDA:0,ABDKMathQuad.sqrt
DA:1131,0
BRDA:1131,134,0,-
BRDA:1131,134,1,-
DA:1132,0
DA:1134,0
DA:1135,0
BRDA:1135,135,0,-
BRDA:1135,135,1,-
DA:1136,0
DA:1138,0
DA:1140,0
BRDA:1140,136,0,-
BRDA:1140,136,1,-
DA:1141,0
DA:1143,0
DA:1146,0
BRDA:1146,137,0,-
BRDA:1146,137,1,-
DA:1147,0
DA:1150,0
DA:1151,0
DA:1153,0
BRDA:1153,138,0,-
BRDA:1153,138,1,-
DA:1154,0
BRDA:1154,139,0,-
BRDA:1154,139,1,-
DA:1155,0
DA:1157,0
DA:1158,0
DA:1159,0
DA:1160,0
DA:1163,0
BRDA:1163,140,0,-
BRDA:1163,140,1,-
DA:1164,0
DA:1166,0
DA:1167,0
DA:1168,0
DA:1169,0
DA:1173,0
DA:1174,0
DA:1175,0
DA:1176,0
DA:1177,0
DA:1178,0
DA:1179,0
DA:1180,0
DA:1181,0
DA:1182,0
BRDA:1182,141,0,-
BRDA:1182,141,1,-
DA:1183,0
DA:1186,0
FN:1204,ABDKMathQuad.log_2
FNDA:0,ABDKMathQuad.log_2
DA:1206,0
BRDA:1206,142,0,-
BRDA:1206,142,1,-
DA:1207,0
DA:1208,0
BRDA:1208,143,0,-
BRDA:1208,143,1,-
DA:1209,0
DA:1211,0
DA:1212,0
BRDA:1212,144,0,-
BRDA:1212,144,1,-
DA:1213,0
DA:1215,0
DA:1217,0
BRDA:1217,145,0,-
BRDA:1217,145,1,-
DA:1218,0
DA:1220,0
DA:1223,0
BRDA:1223,146,0,-
BRDA:1223,146,1,-
DA:1224,0
DA:1227,0
DA:1228,0
DA:1229,0
DA:1231,0
BRDA:1231,147,0,-
BRDA:1231,147,1,-
DA:1232,0
DA:1233,0
DA:1234,0
DA:1236,0
DA:1237,0
BRDA:1237,148,0,-
BRDA:1237,148,1,-
DA:1238,0
DA:1239,0
DA:1241,0
DA:1242,0
DA:1243,0
DA:1247,0
BRDA:1247,149,0,-
BRDA:1247,149,1,-
DA:1248,0
BRDA:1248,150,0,-
BRDA:1248,150,1,-
DA:1249,0
DA:1251,0
DA:1253,0
DA:1254,0
DA:1256,0
DA:1258,0
DA:1260,0
DA:1261,0
DA:1263,0
DA:1264,0
DA:1265,0
DA:1266,0
DA:1270,0
FN:1294,ABDKMathQuad.ln
FNDA:0,ABDKMathQuad.ln
DA:1296,0
FN:1306,ABDKMathQuad.pow_2
FNDA:0,ABDKMathQuad.pow_2
DA:1308,0
DA:1309,0
DA:1310,0
DA:1312,0
BRDA:1312,151,0,-
BRDA:1312,151,1,-
DA:1313,0
DA:1314,0
BRDA:1314,152,0,-
BRDA:1314,152,1,-
DA:1315,0
DA:1316,0
BRDA:1316,153,0,-
BRDA:1316,153,1,-
DA:1317,0
DA:1319,0
BRDA:1319,154,0,-
BRDA:1319,154,1,-
DA:1320,0
DA:1322,0
DA:1325,0
BRDA:1325,155,0,-
BRDA:1325,155,1,-
DA:1326,0
DA:1327,0
BRDA:1327,156,0,-
BRDA:1327,156,1,-
DA:1328,0
DA:1332,0
BRDA:1331,157,0,-
BRDA:1331,157,1,-
DA:1335,0
DA:1339,0
BRDA:1338,158,0,-
BRDA:1338,158,1,-
DA:1342,0
DA:1345,0
DA:1346,0
DA:1347,0
BRDA:1347,159,0,-
BRDA:1347,159,1,-
DA:1348,0
DA:1349,0
DA:1352,0
DA:1353,0
BRDA:1353,160,0,-
BRDA:1353,160,1,-
DA:1354,0
DA:1359,0
BRDA:1359,161,0,-
BRDA:1359,161,1,-
DA:1360,0
DA:1365,0
BRDA:1365,162,0,-
BRDA:1365,162,1,-
DA:1366,0
DA:1371,0
BRDA:1371,163,0,-
BRDA:1371,163,1,-
DA:1372,0
DA:1377,0
BRDA:1377,164,0,-
BRDA:1377,164,1,-
DA:1378,0
DA:1383,0
BRDA:1383,165,0,-
BRDA:1383,165,1,-
DA:1384,0
DA:1389,0
BRDA:1389,166,0,-
BRDA:1389,166,1,-
DA:1390,0
DA:1395,0
BRDA:1395,167,0,-
BRDA:1395,167,1,-
DA:1396,0
DA:1401,0
BRDA:1401,168,0,-
BRDA:1401,168,1,-
DA:1402,0
DA:1407,0
BRDA:1407,169,0,-
BRDA:1407,169,1,-
DA:1408,0
DA:1413,0
BRDA:1413,170,0,-
BRDA:1413,170,1,-
DA:1414,0
DA:1419,0
BRDA:1419,171,0,-
BRDA:1419,171,1,-
DA:1420,0
DA:1425,0
BRDA:1425,172,0,-
BRDA:1425,172,1,-
DA:1426,0
DA:1431,0
BRDA:1431,173,0,-
BRDA:1431,173,1,-
DA:1432,0
DA:1437,0
BRDA:1437,174,0,-
BRDA:1437,174,1,-
DA:1438,0
DA:1443,0
BRDA:1443,175,0,-
BRDA:1443,175,1,-
DA:1444,0
DA:1449,0
BRDA:1449,176,0,-
BRDA:1449,176,1,-
DA:1450,0
DA:1455,0
BRDA:1455,177,0,-
BRDA:1455,177,1,-
DA:1456,0
DA:1461,0
BRDA:1461,178,0,-
BRDA:1461,178,1,-
DA:1462,0
DA:1467,0
BRDA:1467,179,0,-
BRDA:1467,179,1,-
DA:1468,0
DA:1473,0
BRDA:1473,180,0,-
BRDA:1473,180,1,-
DA:1474,0
DA:1479,0
BRDA:1479,181,0,-
BRDA:1479,181,1,-
DA:1480,0
DA:1485,0
BRDA:1485,182,0,-
BRDA:1485,182,1,-
DA:1486,0
DA:1491,0
BRDA:1491,183,0,-
BRDA:1491,183,1,-
DA:1492,0
DA:1497,0
BRDA:1497,184,0,-
BRDA:1497,184,1,-
DA:1498,0
DA:1503,0
BRDA:1503,185,0,-
BRDA:1503,185,1,-
DA:1504,0
DA:1509,0
BRDA:1509,186,0,-
BRDA:1509,186,1,-
DA:1510,0
DA:1515,0
BRDA:1515,187,0,-
BRDA:1515,187,1,-
DA:1516,0
DA:1521,0
BRDA:1521,188,0,-
BRDA:1521,188,1,-
DA:1522,0
DA:1527,0
BRDA:1527,189,0,-
BRDA:1527,189,1,-
DA:1528,0
DA:1533,0
BRDA:1533,190,0,-
BRDA:1533,190,1,-
DA:1534,0
DA:1539,0
BRDA:1539,191,0,-
BRDA:1539,191,1,-
DA:1540,0
DA:1545,0
BRDA:1545,192,0,-
BRDA:1545,192,1,-
DA:1546,0
DA:1551,0
BRDA:1551,193,0,-
BRDA:1551,193,1,-
DA:1552,0
DA:1557,0
BRDA:1557,194,0,-
BRDA:1557,194,1,-
DA:1558,0
DA:1563,0
BRDA:1563,195,0,-
BRDA:1563,195,1,-
DA:1564,0
DA:1569,0
BRDA:1569,196,0,-
BRDA:1569,196,1,-
DA:1570,0
DA:1575,0
BRDA:1575,197,0,-
BRDA:1575,197,1,-
DA:1576,0
DA:1581,0
BRDA:1581,198,0,-
BRDA:1581,198,1,-
DA:1582,0
DA:1587,0
BRDA:1587,199,0,-
BRDA:1587,199,1,-
DA:1588,0
DA:1593,0
BRDA:1593,200,0,-
BRDA:1593,200,1,-
DA:1594,0
DA:1599,0
BRDA:1599,201,0,-
BRDA:1599,201,1,-
DA:1600,0
DA:1605,0
BRDA:1605,202,0,-
BRDA:1605,202,1,-
DA:1606,0
DA:1611,0
BRDA:1611,203,0,-
BRDA:1611,203,1,-
DA:1612,0
DA:1617,0
BRDA:1617,204,0,-
BRDA:1617,204,1,-
DA:1618,0
DA:1623,0
BRDA:1623,205,0,-
BRDA:1623,205,1,-
DA:1624,0
DA:1629,0
BRDA:1629,206,0,-
BRDA:1629,206,1,-
DA:1630,0
DA:1635,0
BRDA:1635,207,0,-
BRDA:1635,207,1,-
DA:1636,0
DA:1641,0
BRDA:1641,208,0,-
BRDA:1641,208,1,-
DA:1642,0
DA:1647,0
BRDA:1647,209,0,-
BRDA:1647,209,1,-
DA:1648,0
DA:1653,0
BRDA:1653,210,0,-
BRDA:1653,210,1,-
DA:1654,0
DA:1659,0
BRDA:1659,211,0,-
BRDA:1659,211,1,-
DA:1660,0
DA:1665,0
BRDA:1665,212,0,-
BRDA:1665,212,1,-
DA:1666,0
DA:1671,0
BRDA:1671,213,0,-
BRDA:1671,213,1,-
DA:1672,0
DA:1677,0
BRDA:1677,214,0,-
BRDA:1677,214,1,-
DA:1678,0
DA:1683,0
BRDA:1683,215,0,-
BRDA:1683,215,1,-
DA:1684,0
DA:1689,0
BRDA:1689,216,0,-
BRDA:1689,216,1,-
DA:1690,0
DA:1695,0
BRDA:1695,217,0,-
BRDA:1695,217,1,-
DA:1696,0
DA:1701,0
BRDA:1701,218,0,-
BRDA:1701,218,1,-
DA:1702,0
DA:1707,0
BRDA:1707,219,0,-
BRDA:1707,219,1,-
DA:1708,0
DA:1713,0
BRDA:1713,220,0,-
BRDA:1713,220,1,-
DA:1714,0
DA:1719,0
BRDA:1719,221,0,-
BRDA:1719,221,1,-
DA:1720,0
DA:1725,0
BRDA:1725,222,0,-
BRDA:1725,222,1,-
DA:1726,0
DA:1731,0
BRDA:1731,223,0,-
BRDA:1731,223,1,-
DA:1732,0
DA:1737,0
BRDA:1737,224,0,-
BRDA:1737,224,1,-
DA:1738,0
DA:1743,0
BRDA:1743,225,0,-
BRDA:1743,225,1,-
DA:1744,0
DA:1749,0
BRDA:1749,226,0,-
BRDA:1749,226,1,-
DA:1750,0
DA:1755,0
BRDA:1755,227,0,-
BRDA:1755,227,1,-
DA:1756,0
DA:1761,0
BRDA:1761,228,0,-
BRDA:1761,228,1,-
DA:1762,0
DA:1767,0
BRDA:1767,229,0,-
BRDA:1767,229,1,-
DA:1768,0
DA:1773,0
BRDA:1773,230,0,-
BRDA:1773,230,1,-
DA:1774,0
DA:1779,0
BRDA:1779,231,0,-
BRDA:1779,231,1,-
DA:1780,0
DA:1785,0
BRDA:1785,232,0,-
BRDA:1785,232,1,-
DA:1786,0
DA:1791,0
BRDA:1791,233,0,-
BRDA:1791,233,1,-
DA:1792,0
DA:1797,0
BRDA:1797,234,0,-
BRDA:1797,234,1,-
DA:1798,0
DA:1803,0
BRDA:1803,235,0,-
BRDA:1803,235,1,-
DA:1804,0
DA:1809,0
BRDA:1809,236,0,-
BRDA:1809,236,1,-
DA:1810,0
DA:1815,0
BRDA:1815,237,0,-
BRDA:1815,237,1,-
DA:1816,0
DA:1821,0
BRDA:1821,238,0,-
BRDA:1821,238,1,-
DA:1822,0
DA:1827,0
BRDA:1827,239,0,-
BRDA:1827,239,1,-
DA:1828,0
DA:1833,0
BRDA:1833,240,0,-
BRDA:1833,240,1,-
DA:1834,0
DA:1839,0
BRDA:1839,241,0,-
BRDA:1839,241,1,-
DA:1840,0
DA:1845,0
BRDA:1845,242,0,-
BRDA:1845,242,1,-
DA:1846,0
DA:1851,0
BRDA:1851,243,0,-
BRDA:1851,243,1,-
DA:1852,0
DA:1857,0
BRDA:1857,244,0,-
BRDA:1857,244,1,-
DA:1858,0
DA:1863,0
BRDA:1863,245,0,-
BRDA:1863,245,1,-
DA:1864,0
DA:1869,0
BRDA:1869,246,0,-
BRDA:1869,246,1,-
DA:1870,0
DA:1875,0
BRDA:1875,247,0,-
BRDA:1875,247,1,-
DA:1876,0
DA:1881,0
BRDA:1881,248,0,-
BRDA:1881,248,1,-
DA:1882,0
DA:1887,0
BRDA:1887,249,0,-
BRDA:1887,249,1,-
DA:1888,0
DA:1893,0
BRDA:1893,250,0,-
BRDA:1893,250,1,-
DA:1894,0
DA:1899,0
BRDA:1899,251,0,-
BRDA:1899,251,1,-
DA:1900,0
DA:1905,0
BRDA:1905,252,0,-
BRDA:1905,252,1,-
DA:1906,0
DA:1911,0
BRDA:1911,253,0,-
BRDA:1911,253,1,-
DA:1912,0
DA:1917,0
BRDA:1917,254,0,-
BRDA:1917,254,1,-
DA:1918,0
DA:1923,0
BRDA:1923,255,0,-
BRDA:1923,255,1,-
DA:1924,0
DA:1929,0
BRDA:1929,256,0,-
BRDA:1929,256,1,-
DA:1930,0
DA:1935,0
BRDA:1935,257,0,-
BRDA:1935,257,1,-
DA:1936,0
DA:1941,0
BRDA:1941,258,0,-
BRDA:1941,258,1,-
DA:1942,0
DA:1947,0
BRDA:1947,259,0,-
BRDA:1947,259,1,-
DA:1948,0
DA:1953,0
BRDA:1953,260,0,-
BRDA:1953,260,1,-
DA:1954,0
DA:1959,0
BRDA:1959,261,0,-
BRDA:1959,261,1,-
DA:1960,0
DA:1965,0
BRDA:1965,262,0,-
BRDA:1965,262,1,-
DA:1966,0
DA:1971,0
BRDA:1971,263,0,-
BRDA:1971,263,1,-
DA:1972,0
DA:1977,0
BRDA:1977,264,0,-
BRDA:1977,264,1,-
DA:1978,0
DA:1983,0
BRDA:1983,265,0,-
BRDA:1983,265,1,-
DA:1984,0
DA:1989,0
BRDA:1989,266,0,-
BRDA:1989,266,1,-
DA:1990,0
DA:1995,0
BRDA:1995,267,0,-
BRDA:1995,267,1,-
DA:1996,0
DA:2001,0
BRDA:2001,268,0,-
BRDA:2001,268,1,-
DA:2002,0
DA:2007,0
BRDA:2007,269,0,-
BRDA:2007,269,1,-
DA:2008,0
DA:2013,0
BRDA:2013,270,0,-
BRDA:2013,270,1,-
DA:2014,0
DA:2019,0
BRDA:2019,271,0,-
BRDA:2019,271,1,-
DA:2020,0
DA:2025,0
BRDA:2025,272,0,-
BRDA:2025,272,1,-
DA:2026,0
DA:2031,0
BRDA:2031,273,0,-
BRDA:2031,273,1,-
DA:2032,0
DA:2037,0
BRDA:2037,274,0,-
BRDA:2037,274,1,-
DA:2038,0
DA:2043,0
BRDA:2043,275,0,-
BRDA:2043,275,1,-
DA:2044,0
DA:2049,0
BRDA:2049,276,0,-
BRDA:2049,276,1,-
DA:2050,0
DA:2055,0
BRDA:2055,277,0,-
BRDA:2055,277,1,-
DA:2056,0
DA:2061,0
BRDA:2061,278,0,-
BRDA:2061,278,1,-
DA:2062,0
DA:2067,0
BRDA:2067,279,0,-
BRDA:2067,279,1,-
DA:2068,0
DA:2073,0
BRDA:2073,280,0,-
BRDA:2073,280,1,-
DA:2074,0
DA:2079,0
BRDA:2079,281,0,-
BRDA:2079,281,1,-
DA:2080,0
DA:2085,0
BRDA:2085,282,0,-
BRDA:2085,282,1,-
DA:2086,0
DA:2091,0
BRDA:2091,283,0,-
BRDA:2091,283,1,-
DA:2092,0
DA:2097,0
BRDA:2097,284,0,-
BRDA:2097,284,1,-
DA:2098,0
DA:2103,0
BRDA:2103,285,0,-
BRDA:2103,285,1,-
DA:2104,0
DA:2110,0
BRDA:2110,286,0,-
BRDA:2110,286,1,-
DA:2111,0
DA:2114,0
DA:2115,0
BRDA:2115,287,0,-
BRDA:2115,287,1,-
DA:2116,0
DA:2119,0
DA:2121,0
DA:2124,0
DA:2127,0
FN:2139,ABDKMathQuad.exp
FNDA:0,ABDKMathQuad.exp
DA:2141,0
FN:2152,ABDKMathQuad.mostSignificantBit
FNDA:0,ABDKMathQuad.mostSignificantBit
DA:2154,0
BRDA:2154,288,0,-
BRDA:2154,288,1,-
DA:2156,0
DA:2158,0
BRDA:2158,289,0,-
BRDA:2158,289,1,-
DA:2159,0
DA:2160,0
DA:2162,0
BRDA:2162,290,0,-
BRDA:2162,290,1,-
DA:2163,0
DA:2164,0
DA:2166,0
BRDA:2166,291,0,-
BRDA:2166,291,1,-
DA:2167,0
DA:2168,0
DA:2170,0
BRDA:2170,292,0,-
BRDA:2170,292,1,-
DA:2171,0
DA:2172,0
DA:2174,0
BRDA:2174,293,0,-
BRDA:2174,293,1,-
DA:2175,0
DA:2176,0
DA:2178,0
BRDA:2178,294,0,-
BRDA:2178,294,1,-
DA:2179,0
DA:2180,0
DA:2182,0
BRDA:2182,295,0,-
BRDA:2182,295,1,-
DA:2183,0
DA:2184,0
DA:2186,0
BRDA:2186,296,0,-
BRDA:2186,296,1,-
DA:2187,0
DA:2190,0
FNF:29
FNH:0
LF:771
LH:0
BRF:594
BRH:0
end_of_record
TN:
SF:src/dollar/mocks/MockBondingV1.sol
FN:60,Bonding.uADPriceReset
FNDA:0,Bonding.uADPriceReset
DA:61,0
DA:63,0
DA:68,0
DA:71,0
DA:72,0
DA:73,0
FN:84,Bonding.crvPriceReset
FNDA:0,Bonding.crvPriceReset
DA:85,0
DA:87,0
DA:92,0
DA:95,0
DA:96,0
DA:97,0
FN:104,Bonding.addProtocolToken
FNDA:0,Bonding.addProtocolToken
DA:107,0
FN:110,Bonding.removeProtocolToken
FNDA:0,Bonding.removeProtocolToken
DA:113,0
FN:116,Bonding.sendDust
FNDA:0,Bonding.sendDust
DA:121,0
FN:124,Bonding.setSablier
FNDA:0,Bonding.setSablier
DA:125,0
DA:126,0
FN:129,Bonding.setBondingDiscountMultiplier
FNDA:0,Bonding.setBondingDiscountMultiplier
DA:132,0
DA:133,0
FN:136,Bonding.setRedeemStreamTime
FNDA:0,Bonding.setRedeemStreamTime
DA:139,0
DA:140,0
FN:143,Bonding.setBlockBonding
FNDA:0,Bonding.setBlockBonding
DA:146,0
DA:147,0
FN:150,Bonding.setBlockCountInAWeek
FNDA:0,Bonding.setBlockCountInAWeek
DA:153,0
DA:154,0
FN:157,Bonding.setUGOVPerBlock
FNDA:0,Bonding.setUGOVPerBlock
DA:160,0
DA:161,0
FN:168,Bonding.deposit
FNDA:0,Bonding.deposit
DA:172,0
BRDA:172,0,0,-
BRDA:172,0,1,-
DA:176,0
DA:178,0
DA:184,0
DA:191,0
DA:192,0
DA:193,0
DA:195,0
FN:206,Bonding.withdraw
FNDA:0,Bonding.withdraw
DA:207,0
BRDA:207,1,0,-
BRDA:207,1,1,-
DA:212,0
BRDA:212,2,0,-
BRDA:212,2,1,-
DA:220,0
DA:223,0
DA:229,0
DA:231,0
DA:238,0
FN:248,Bonding.currentShareValue
FNDA:0,Bonding.currentShareValue
DA:249,0
DA:253,0
DA:256,0
FN:263,Bonding.currentTokenPrice
FNDA:0,Bonding.currentTokenPrice
DA:264,0
FN:270,Bonding._mint
FNDA:0,Bonding._mint
DA:271,0
DA:272,0
BRDA:272,3,0,-
BRDA:272,3,1,-
DA:277,0
FN:285,Bonding._updateOracle
FNDA:0,Bonding._updateOracle
DA:286,0
FNF:17
FNH:0
LF:50
LH:0
BRF:8
BRH:0
end_of_record
TN:
SF:src/dollar/mocks/MockCreditNFT.sol
FN:29,MockCreditNFT.setTotalOutstandingDebt
FNDA:2,MockCreditNFT.setTotalOutstandingDebt
DA:30,2
FN:33,MockCreditNFT.getTotalOutstandingDebt
FNDA:8,MockCreditNFT.getTotalOutstandingDebt
DA:34,8
FN:37,MockCreditNFT.updateTotalDebt
FNDA:7,MockCreditNFT.updateTotalDebt
DA:38,7
FN:41,MockCreditNFT.mintCreditNFT
FNDA:8,MockCreditNFT.mintCreditNFT
DA:46,8
DA:49,8
FN:52,MockCreditNFT.balanceOf
FNDA:8,MockCreditNFT.balanceOf
DA:56,8
FN:59,MockCreditNFT.burnCreditNFT
FNDA:3,MockCreditNFT.burnCreditNFT
DA:64,3
DA:65,3
BRDA:65,0,0,-
BRDA:65,0,1,3
DA:66,3
DA:67,3
FNF:6
FNH:6
LF:10
LH:10
BRF:2
BRH:1
end_of_record
TN:
SF:src/dollar/mocks/MockCreditToken.sol
FN:11,MockCreditToken.burn
FNDA:0,MockCreditToken.burn
DA:12,0
FN:15,MockCreditToken.burnFrom
FNDA:1,MockCreditToken.burnFrom
DA:16,1
FN:19,MockCreditToken.mint
FNDA:5,MockCreditToken.mint
DA:20,5
FN:23,MockCreditToken.raiseCapital
FNDA:0,MockCreditToken.raiseCapital
DA:24,0
FNF:4
FNH:2
LF:4
LH:2
BRF:0
BRH:0
end_of_record
TN:
SF:src/dollar/mocks/MockDollarToken.sol
FN:12,MockDollarToken.burn
FNDA:0,MockDollarToken.burn
DA:13,0
FN:16,MockDollarToken.burnFrom
FNDA:3,MockDollarToken.burnFrom
DA:17,3
FN:20,MockDollarToken.mint
FNDA:10,MockDollarToken.mint
DA:21,10
FNF:3
FNH:2
LF:3
LH:2
BRF:0
BRH:0
end_of_record
TN:
SF:src/dollar/mocks/MockERC20.sol
FN:13,MockERC20.mint
FNDA:529,MockERC20.mint
DA:14,529
FN:17,MockERC20.burn
FNDA:0,MockERC20.burn
DA:18,0
FNF:2
FNH:1
LF:2
LH:1
BRF:0
BRH:0
end_of_record
TN:
SF:src/dollar/mocks/MockERC4626.sol
FN:21,MockERC4626.deposit
FNDA:264,MockERC4626.deposit
DA:25,264
BRDA:25,0,0,-
BRDA:25,0,1,264
DA:31,264
BRDA:31,1,0,1
BRDA:31,1,1,263
DA:32,263
DA:33,261
DA:34,0
FN:37,MockERC4626.mint
FNDA:261,MockERC4626.mint
DA:41,261
BRDA:41,2,0,-
BRDA:41,2,1,261
DA:43,261
DA:44,261
DA:45,260
DA:46,260
FN:49,MockERC4626.withdraw
FNDA:262,MockERC4626.withdraw
DA:54,262
BRDA:54,3,0,2
BRDA:54,3,1,260
DA:59,260
DA:60,260
DA:61,260
DA:63,260
FN:66,MockERC4626.redeem
FNDA:262,MockERC4626.redeem
DA:72,262
BRDA:72,4,0,1
BRDA:72,4,1,261
DA:74,261
DA:76,261
DA:77,0
FN:80,MockERC4626.beforeWithdraw
FNDA:521,MockERC4626.beforeWithdraw
DA:81,521
FN:84,MockERC4626.afterDeposit
FNDA:521,MockERC4626.afterDeposit
DA:85,521
FNF:6
FNH:6
LF:21
LH:19
BRF:10
BRH:8
end_of_record
TN:
SF:src/dollar/mocks/MockIncentive.sol
FN:13,MockIncentive.incentivize
FNDA:4,MockIncentive.incentivize
DA:19,4
FNF:1
FNH:1
LF:1
LH:1
BRF:0
BRH:0
end_of_record
TN:
SF:src/dollar/mocks/MockMetaPool.sol
FN:19,MockMetaPool.get_price_cumulative_last
FNDA:1,MockMetaPool.get_price_cumulative_last
DA:24,1
FN:27,MockMetaPool.block_timestamp_last
FNDA:1,MockMetaPool.block_timestamp_last
DA:28,1
FN:31,MockMetaPool.get_twap_balances
FNDA:1,MockMetaPool.get_twap_balances
DA:36,1
FN:39,MockMetaPool.get_dy
FNDA:2,MockMetaPool.get_dy
DA:45,2
BRDA:45,0,0,-
BRDA:45,0,1,1
DA:46,1
DA:47,1
BRDA:47,1,0,-
BRDA:47,1,1,1
DA:48,1
DA:50,0
FN:54,MockMetaPool.updateMockParams
FNDA:1,MockMetaPool.updateMockParams
DA:60,1
DA:61,1
DA:62,1
DA:63,1
FNF:5
FNH:5
LF:12
LH:11
BRF:4
BRH:2
end_of_record
TN:
SF:src/dollar/mocks/MockTWAPOracleDollar3pool.sol
FN:29,MockTWAPOracleDollar3pool.consult
FNDA:0,MockTWAPOracleDollar3pool.consult
DA:30,0
BRDA:30,0,0,-
BRDA:30,0,1,-
DA:32,0
DA:34,0
BRDA:34,1,0,-
BRDA:34,1,1,-
DA:36,0
FN:40,MockTWAPOracleDollar3pool.update
FNDA:5,MockTWAPOracleDollar3pool.update
DA:41,0
FNF:2
FNH:1
LF:5
LH:0
BRF:4
BRH:0
end_of_record
TN:
SF:src/dollar/mocks/ZozoVault.sol
FN:11,ZozoVault.totalAssets
FNDA:0,ZozoVault.totalAssets
DA:12,0
FNF:1
FNH:0
LF:1
LH:0
BRF:0
BRH:0
end_of_record
TN:
SF:src/dollar/transfer-hooks/CurveDollarIncentive.sol
FN:48,CurveDollarIncentive.incentivize
FNDA:10,CurveDollarIncentive.incentivize
DA:54,9
BRDA:54,0,0,1
BRDA:54,0,1,8
DA:56,8
BRDA:56,1,0,4
BRDA:56,1,1,8
DA:57,4
DA:60,8
BRDA:60,2,0,4
BRDA:60,2,1,8
DA:61,4
FN:68,CurveDollarIncentive.setExemptAddress
FNDA:8,CurveDollarIncentive.setExemptAddress
DA:72,7
DA:73,7
FN:77,CurveDollarIncentive.switchSellPenalty
FNDA:4,CurveDollarIncentive.switchSellPenalty
DA:78,3
FN:82,CurveDollarIncentive.switchBuyIncentive
FNDA:4,CurveDollarIncentive.switchBuyIncentive
DA:83,3
FN:87,CurveDollarIncentive.isExemptAddress
FNDA:2,CurveDollarIncentive.isExemptAddress
DA:88,10
FN:91,CurveDollarIncentive._incentivizeSell
FNDA:4,CurveDollarIncentive._incentivizeSell
DA:92,4
DA:93,4
BRDA:93,3,0,2
BRDA:93,3,1,4
DA:94,4
DA:109,2
DA:110,2
BRDA:110,4,0,-
BRDA:110,4,1,1
DA:111,1
BRDA:111,5,0,-
BRDA:111,5,1,1
DA:113,1
BRDA:113,6,0,-
BRDA:113,6,1,1
DA:119,1
FN:126,CurveDollarIncentive._incentivizeBuy
FNDA:4,CurveDollarIncentive._incentivizeBuy
DA:127,4
DA:129,4
BRDA:129,7,0,2
BRDA:129,7,1,4
DA:130,4
DA:133,2
DA:138,2
BRDA:138,8,0,-
BRDA:138,8,1,1
DA:140,1
FN:149,CurveDollarIncentive._getPercentDeviationFromUnderPeg
FNDA:4,CurveDollarIncentive._getPercentDeviationFromUnderPeg
DA:152,4
DA:153,4
DA:154,4
BRDA:154,9,0,2
BRDA:154,9,1,2
DA:155,2
DA:158,2
DA:163,2
FN:166,CurveDollarIncentive._updateOracle
FNDA:12,CurveDollarIncentive._updateOracle
DA:167,12
FN:170,CurveDollarIncentive._getTWAPPrice
FNDA:4,CurveDollarIncentive._getTWAPPrice
DA:171,4
FNF:10
FNH:10
LF:32
LH:32
BRF:20
BRH:16
end_of_record
TN:
SF:src/dollar/utils/CollectableDust.sol
FN:22,CollectableDust._addProtocolToken
FNDA:0,CollectableDust._addProtocolToken
DA:23,0
BRDA:23,0,0,-
BRDA:23,0,1,-
DA:27,0
DA:28,0
FN:31,CollectableDust._removeProtocolToken
FNDA:0,CollectableDust._removeProtocolToken
DA:32,0
BRDA:32,1,0,-
BRDA:32,1,1,-
DA:36,0
DA:37,0
FN:40,CollectableDust._sendDust
FNDA:0,CollectableDust._sendDust
DA:41,0
BRDA:41,2,0,-
BRDA:41,2,1,-
DA:45,0
BRDA:45,3,0,-
BRDA:45,3,1,-
DA:49,0
BRDA:49,4,0,-
BRDA:49,4,1,-
DA:50,0
DA:52,0
DA:54,0
FNF:3
FNH:0
LF:12
LH:0
BRF:10
BRH:0
end_of_record
TN:
SF:src/dollar/utils/SafeAddArray.sol
FN:15,SafeAddArray.add
FNDA:0,SafeAddArray.add
DA:16,0
DA:17,0
BRDA:17,0,0,-
BRDA:17,0,1,-
DA:18,0
DA:21,0
FN:24,SafeAddArray.add
FNDA:0,SafeAddArray.add
DA:25,0
DA:26,0
DA:27,0
BRDA:27,1,0,-
BRDA:27,1,1,-
DA:28,0
DA:31,0
FN:34,SafeAddArray.add
FNDA:0,SafeAddArray.add
DA:35,0
DA:36,0
BRDA:36,2,0,-
BRDA:36,2,1,-
DA:37,0
DA:40,0
FN:43,SafeAddArray.add
FNDA:0,SafeAddArray.add
DA:44,0
DA:45,0
DA:46,0
DA:47,0
BRDA:47,3,0,-
BRDA:47,3,1,-
DA:48,0
DA:49,0
DA:52,0
BRDA:52,4,0,-
BRDA:52,4,1,-
DA:53,0
FNF:4
FNH:0
LF:21
LH:0
BRF:10
BRH:0
end_of_record
TN:
SF:src/manager/Diamond.sol
FN:34,Diamond.
FNDA:85,Diamond.
DA:35,85
DA:36,85
DA:38,85
DA:40,85
DA:41,85
BRDA:41,0,0,-
BRDA:41,0,1,85
FNF:1
FNH:1
LF:5
LH:5
BRF:2
BRH:1
end_of_record
TN:
SF:src/manager/access/AccessControl.sol
FN:17,AccessControl.grantRole
FNDA:0,AccessControl.grantRole
DA:21,0
FN:27,AccessControl.hasRole
FNDA:1,AccessControl.hasRole
DA:31,1
FN:37,AccessControl.getRoleAdmin
FNDA:0,AccessControl.getRoleAdmin
DA:38,0
FN:44,AccessControl.revokeRole
FNDA:0,AccessControl.revokeRole
DA:48,0
FN:54,AccessControl.renounceRole
FNDA:0,AccessControl.renounceRole
DA:55,0
FNF:5
FNH:1
LF:5
LH:1
BRF:0
BRH:0
end_of_record
TN:
SF:src/manager/access/AccessControlInternal.sol
FN:32,AccessControlInternal._hasRole
FNDA:19,AccessControlInternal._hasRole
DA:36,19
FN:44,AccessControlInternal._checkRole
FNDA:0,AccessControlInternal._checkRole
DA:45,0
FN:53,AccessControlInternal._checkRole
FNDA:0,AccessControlInternal._checkRole
DA:54,0
BRDA:54,0,0,-
BRDA:54,0,1,-
DA:55,0
FN:73,AccessControlInternal._getRoleAdmin
FNDA:0,AccessControlInternal._getRoleAdmin
DA:76,0
FN:84,AccessControlInternal._setRoleAdmin
FNDA:0,AccessControlInternal._setRoleAdmin
DA:85,0
DA:86,0
DA:87,0
FN:95,AccessControlInternal._grantRole
FNDA:0,AccessControlInternal._grantRole
DA:96,0
DA:97,0
FN:105,AccessControlInternal._revokeRole
FNDA:0,AccessControlInternal._revokeRole
DA:106,0
DA:107,0
FN:114,AccessControlInternal._renounceRole
FNDA:0,AccessControlInternal._renounceRole
DA:115,0
FNF:8
FNH:1
LF:13
LH:1
BRF:2
BRH:0
end_of_record
TN:
SF:src/manager/facets/DiamondCutFacet.sol
FN:17,DiamondCutFacet.diamondCut
FNDA:0,DiamondCutFacet.diamondCut
DA:22,0
DA:23,0
FNF:1
FNH:0
LF:2
LH:0
BRF:0
BRH:0
end_of_record
TN:
SF:src/manager/facets/DiamondLoupeFacet.sol
FN:23,DiamondLoupeFacet.facets
FNDA:0,DiamondLoupeFacet.facets
DA:24,0
DA:25,0
DA:26,0
DA:27,0
DA:28,0
DA:29,0
DA:30,0
FN:39,DiamondLoupeFacet.facetFunctionSelectors
FNDA:4,DiamondLoupeFacet.facetFunctionSelectors
DA:42,4
DA:43,4
FN:50,DiamondLoupeFacet.facetAddresses
FNDA:0,DiamondLoupeFacet.facetAddresses
DA:56,0
DA:57,0
FN:64,DiamondLoupeFacet.facetAddress
FNDA:44,DiamondLoupeFacet.facetAddress
DA:67,44
DA:68,44
FN:74,DiamondLoupeFacet.supportsInterface
FNDA:1,DiamondLoupeFacet.supportsInterface
DA:77,1
DA:78,1
FNF:5
FNH:3
LF:15
LH:6
BRF:0
BRH:0
end_of_record
TN:
SF:src/manager/facets/ManagerFacet.sol
FN:17,ManagerFacet.setTwapOracleAddress
FNDA:1,ManagerFacet.setTwapOracleAddress
DA:20,1
DA:23,1
DA:26,1
FN:29,ManagerFacet.setDollarTokenAddress
FNDA:2,ManagerFacet.setDollarTokenAddress
DA:32,2
FN:35,ManagerFacet.setCreditTokenAddress
FNDA:1,ManagerFacet.setCreditTokenAddress
DA:38,1
FN:41,ManagerFacet.setCreditNFTAddress
FNDA:1,ManagerFacet.setCreditNFTAddress
DA:42,1
FN:45,ManagerFacet.setGovernanceTokenAddress
FNDA:1,ManagerFacet.setGovernanceTokenAddress
DA:48,1
FN:51,ManagerFacet.setSushiSwapPoolAddress
FNDA:1,ManagerFacet.setSushiSwapPoolAddress
DA:54,1
FN:57,ManagerFacet.setCreditCalculatorAddress
FNDA:1,ManagerFacet.setCreditCalculatorAddress
DA:60,1
FN:63,ManagerFacet.setCreditNFTCalculatorAddress
FNDA:1,ManagerFacet.setCreditNFTCalculatorAddress
DA:66,1
FN:69,ManagerFacet.setDollarMintCalculatorAddress
FNDA:1,ManagerFacet.setDollarMintCalculatorAddress
DA:72,1
FN:75,ManagerFacet.setExcessDollarsDistributor
FNDA:1,ManagerFacet.setExcessDollarsDistributor
DA:79,1
FN:82,ManagerFacet.setMasterChefAddress
FNDA:1,ManagerFacet.setMasterChefAddress
DA:85,1
FN:88,ManagerFacet.setFormulasAddress
FNDA:1,ManagerFacet.setFormulasAddress
DA:89,1
FN:92,ManagerFacet.setStakingShareAddress
FNDA:1,ManagerFacet.setStakingShareAddress
DA:95,1
FN:98,ManagerFacet.setStableSwapMetaPoolAddress
FNDA:1,ManagerFacet.setStableSwapMetaPoolAddress
DA:101,1
FN:104,ManagerFacet.setStakingContractAddress
FNDA:1,ManagerFacet.setStakingContractAddress
DA:107,1
FN:110,ManagerFacet.setTreasuryAddress
FNDA:1,ManagerFacet.setTreasuryAddress
DA:111,1
FN:114,ManagerFacet.setIncentiveToDollar
FNDA:1,ManagerFacet.setIncentiveToDollar
DA:118,1
FN:124,ManagerFacet.deployStableSwapPool
FNDA:0,ManagerFacet.deployStableSwapPool
DA:132,0
DA:140,0
DA:143,0
DA:146,0
DA:151,0
DA:152,0
DA:154,0
DA:155,0
DA:158,0
BRDA:158,0,0,-
BRDA:158,0,1,-
DA:164,0
DA:170,0
DA:171,0
FN:174,ManagerFacet.getTwapOracleAddress
FNDA:1,ManagerFacet.getTwapOracleAddress
DA:175,1
FN:178,ManagerFacet.getDollarTokenAddress
FNDA:1,ManagerFacet.getDollarTokenAddress
DA:179,1
FN:182,ManagerFacet.getCreditTokenAddress
FNDA:1,ManagerFacet.getCreditTokenAddress
DA:183,1
FN:186,ManagerFacet.getCreditNFTAddress
FNDA:1,ManagerFacet.getCreditNFTAddress
DA:187,1
FN:190,ManagerFacet.getGovernanceTokenAddress
FNDA:1,ManagerFacet.getGovernanceTokenAddress
DA:191,1
FN:194,ManagerFacet.getSushiSwapPoolAddress
FNDA:1,ManagerFacet.getSushiSwapPoolAddress
DA:195,1
FN:198,ManagerFacet.getCreditCalculatorAddress
FNDA:1,ManagerFacet.getCreditCalculatorAddress
DA:199,1
FN:202,ManagerFacet.getCreditNFTCalculatorAddress
FNDA:1,ManagerFacet.getCreditNFTCalculatorAddress
DA:203,1
FN:206,ManagerFacet.getDollarMintCalculatorAddress
FNDA:1,ManagerFacet.getDollarMintCalculatorAddress
DA:207,1
FN:210,ManagerFacet.getExcessDollarsDistributor
FNDA:2,ManagerFacet.getExcessDollarsDistributor
DA:213,2
FN:216,ManagerFacet.getMasterChefAddress
FNDA:1,ManagerFacet.getMasterChefAddress
DA:217,1
FN:220,ManagerFacet.getFormulasAddress
FNDA:1,ManagerFacet.getFormulasAddress
DA:221,1
FN:224,ManagerFacet.getStakingShareAddress
FNDA:1,ManagerFacet.getStakingShareAddress
DA:225,1
FN:228,ManagerFacet.getStableSwapMetaPoolAddress
FNDA:1,ManagerFacet.getStableSwapMetaPoolAddress
DA:229,1
FN:232,ManagerFacet.getStakingContractAddress
FNDA:1,ManagerFacet.getStakingContractAddress
DA:233,1
FN:236,ManagerFacet.getTreasuryAddress
FNDA:1,ManagerFacet.getTreasuryAddress
DA:237,1
FNF:34
FNH:33
LF:47
LH:35
BRF:2
BRH:0
end_of_record
TN:
SF:src/manager/facets/OwnershipFacet.sol
FN:8,OwnershipFacet.transferOwnership
FNDA:0,OwnershipFacet.transferOwnership
DA:9,0
DA:10,0
FN:13,OwnershipFacet.owner
FNDA:0,OwnershipFacet.owner
DA:14,0
FNF:2
FNH:0
LF:3
LH:0
BRF:0
BRH:0
end_of_record
TN:
SF:src/manager/libraries/AccessControlStorage.sol
FN:22,AccessControlStorage.layout
FNDA:0,AccessControlStorage.layout
DA:23,0
DA:25,0
FNF:1
FNH:0
LF:2
LH:0
BRF:0
BRH:0
end_of_record
TN:
SF:src/manager/libraries/AddressUtils.sol
FN:17,AddressUtils.toString
FNDA:0,AddressUtils.toString
DA:18,0
FN:21,AddressUtils.isContract
FNDA:0,AddressUtils.isContract
DA:22,0
DA:24,0
DA:26,0
FN:29,AddressUtils.sendValue
FNDA:0,AddressUtils.sendValue
DA:30,0
DA:31,0
BRDA:31,0,0,-
BRDA:31,0,1,-
FN:34,AddressUtils.functionCall
FNDA:0,AddressUtils.functionCall
DA:38,0
FN:42,AddressUtils.functionCall
FNDA:0,AddressUtils.functionCall
DA:47,0
FN:50,AddressUtils.functionCallWithValue
FNDA:0,AddressUtils.functionCallWithValue
DA:55,0
FN:64,AddressUtils.functionCallWithValue
FNDA:0,AddressUtils.functionCallWithValue
DA:70,0
BRDA:70,1,0,-
BRDA:70,1,1,-
DA:71,0
DA:73,0
FN:76,AddressUtils._functionCallWithValue
FNDA:0,AddressUtils._functionCallWithValue
DA:82,0
BRDA:82,2,0,-
BRDA:82,2,1,-
DA:84,0
DA:88,0
BRDA:88,3,0,-
BRDA:88,3,1,-
DA:89,0
DA:90,0
BRDA:90,4,0,-
BRDA:90,4,1,-
DA:96,0
FNF:8
FNH:0
LF:18
LH:0
BRF:10
BRH:0
end_of_record
TN:
SF:src/manager/libraries/EnumerableSet.sol
FN:31,EnumerableSet.at
FNDA:0,EnumerableSet.at
DA:35,0
FN:38,EnumerableSet.at
FNDA:0,EnumerableSet.at
DA:42,0
FN:45,EnumerableSet.at
FNDA:0,EnumerableSet.at
DA:49,0
FN:52,EnumerableSet.contains
FNDA:0,EnumerableSet.contains
DA:56,0
FN:59,EnumerableSet.contains
FNDA:0,EnumerableSet.contains
DA:63,0
FN:66,EnumerableSet.contains
FNDA:0,EnumerableSet.contains
DA:70,0
FN:73,EnumerableSet.indexOf
FNDA:0,EnumerableSet.indexOf
DA:77,0
FN:80,EnumerableSet.indexOf
FNDA:0,EnumerableSet.indexOf
DA:84,0
FN:87,EnumerableSet.indexOf
FNDA:0,EnumerableSet.indexOf
DA:91,0
FN:94,EnumerableSet.length
FNDA:0,EnumerableSet.length
DA:95,0
FN:98,EnumerableSet.length
FNDA:0,EnumerableSet.length
DA:99,0
FN:102,EnumerableSet.length
FNDA:0,EnumerableSet.length
DA:103,0
FN:106,EnumerableSet.add
FNDA:0,EnumerableSet.add
DA:110,0
FN:113,EnumerableSet.add
FNDA:0,EnumerableSet.add
DA:117,0
FN:120,EnumerableSet.add
FNDA:0,EnumerableSet.add
DA:121,0
FN:124,EnumerableSet.remove
FNDA:0,EnumerableSet.remove
DA:128,0
FN:131,EnumerableSet.remove
FNDA:0,EnumerableSet.remove
DA:135,0
FN:138,EnumerableSet.remove
FNDA:0,EnumerableSet.remove
DA:142,0
FN:145,EnumerableSet.toArray
FNDA:0,EnumerableSet.toArray
DA:148,0
FN:151,EnumerableSet.toArray
FNDA:0,EnumerableSet.toArray
DA:154,0
DA:155,0
DA:158,0
DA:161,0
FN:164,EnumerableSet.toArray
FNDA:0,EnumerableSet.toArray
DA:167,0
DA:168,0
DA:171,0
DA:174,0
FN:177,EnumerableSet._at
FNDA:0,EnumerableSet._at
DA:181,0
BRDA:181,0,0,-
BRDA:181,0,1,-
DA:182,0
DA:184,0
FN:187,EnumerableSet._contains
FNDA:0,EnumerableSet._contains
DA:191,0
FN:194,EnumerableSet._indexOf
FNDA:0,EnumerableSet._indexOf
DA:199,0
FN:203,EnumerableSet._length
FNDA:0,EnumerableSet._length
DA:204,0
FN:207,EnumerableSet._add
FNDA:0,EnumerableSet._add
DA:208,0
BRDA:208,1,0,-
BRDA:208,1,1,-
DA:209,0
DA:210,0
DA:211,0
FN:215,EnumerableSet._remove
FNDA:0,EnumerableSet._remove
DA:216,0
DA:218,0
BRDA:218,2,0,-
BRDA:218,2,1,-
DA:220,0
DA:224,0
DA:225,0
DA:229,0
DA:230,0
DA:232,0
FNF:27
FNH:0
LF:45
LH:0
BRF:6
BRH:0
end_of_record
TN:
SF:src/manager/libraries/LibAppStorage.sol
FN:43,LibAppStorage.diamondStorage
FNDA:0,LibAppStorage.diamondStorage
DA:45,0
FNF:1
FNH:0
LF:1
LH:0
BRF:0
BRH:0
end_of_record
TN:
SF:src/manager/libraries/LibDiamond.sol
FN:46,LibDiamond.diamondStorage
FNDA:49,LibDiamond.diamondStorage
DA:51,49
DA:53,49
FN:62,LibDiamond.setContractOwner
FNDA:0,LibDiamond.setContractOwner
DA:63,0
DA:64,0
DA:65,0
DA:66,0
FN:69,LibDiamond.contractOwner
FNDA:0,LibDiamond.contractOwner
DA:70,0
FN:73,LibDiamond.enforceIsContractOwner
FNDA:0,LibDiamond.enforceIsContractOwner
DA:74,0
BRDA:74,0,0,-
BRDA:74,0,1,-
FN:87,LibDiamond.diamondCut
FNDA:0,LibDiamond.diamondCut
DA:93,0
DA:94,0
DA:95,0
DA:97,0
DA:98,0
BRDA:98,1,0,-
BRDA:98,1,1,-
DA:99,0
DA:103,0
BRDA:103,2,0,-
BRDA:103,2,1,-
DA:104,0
DA:108,0
BRDA:108,3,0,-
BRDA:108,3,1,-
DA:109,0
DA:114,0
DA:117,0
DA:118,0
FN:121,LibDiamond.addFunctions
FNDA:0,LibDiamond.addFunctions
DA:125,0
BRDA:125,4,0,-
BRDA:125,4,1,-
DA:129,0
DA:130,0
BRDA:130,5,0,-
BRDA:130,5,1,-
DA:134,0
DA:138,0
BRDA:138,6,0,-
BRDA:138,6,1,-
DA:139,0
DA:142,0
DA:143,0
DA:144,0
DA:146,0
DA:147,0
DA:150,0
BRDA:150,7,0,-
BRDA:150,7,1,-
DA:154,0
DA:155,0
FN:159,LibDiamond.replaceFunctions
FNDA:0,LibDiamond.replaceFunctions
DA:163,0
BRDA:163,8,0,-
BRDA:163,8,1,-
DA:167,0
DA:168,0
BRDA:168,9,0,-
BRDA:168,9,1,-
DA:172,0
DA:176,0
BRDA:176,10,0,-
BRDA:176,10,1,-
DA:177,0
DA:180,0
DA:181,0
DA:182,0
DA:184,0
DA:185,0
DA:188,0
BRDA:188,11,0,-
BRDA:188,11,1,-
DA:192,0
DA:193,0
DA:194,0
FN:198,LibDiamond.removeFunctions
FNDA:0,LibDiamond.removeFunctions
DA:202,0
BRDA:202,12,0,-
BRDA:202,12,1,-
DA:206,0
DA:208,0
BRDA:208,13,0,-
BRDA:208,13,1,-
DA:213,0
DA:214,0
DA:215,0
DA:217,0
DA:218,0
DA:221,0
FN:225,LibDiamond.addFacet
FNDA:0,LibDiamond.addFacet
DA:229,0
DA:233,0
DA:236,0
FN:239,LibDiamond.addFunction
FNDA:0,LibDiamond.addFunction
DA:245,0
DA:248,0
DA:251,0
FN:254,LibDiamond.removeFunction
FNDA:0,LibDiamond.removeFunction
DA:259,0
BRDA:259,14,0,-
BRDA:259,14,1,-
DA:264,0
BRDA:264,15,0,-
BRDA:264,15,1,-
DA:269,0
DA:272,0
DA:277,0
BRDA:277,16,0,-
BRDA:277,16,1,-
DA:278,0
DA:281,0
DA:284,0
DA:289,0
DA:290,0
DA:293,0
BRDA:293,17,0,-
BRDA:293,17,1,-
DA:295,0
DA:296,0
DA:299,0
BRDA:299,18,0,-
BRDA:299,18,1,-
DA:300,0
DA:303,0
DA:304,0
DA:308,0
DA:309,0
FN:315,LibDiamond.initializeDiamondCut
FNDA:0,LibDiamond.initializeDiamondCut
DA:319,0
BRDA:319,19,0,-
BRDA:319,19,1,-
DA:320,0
DA:322,0
DA:326,0
DA:327,0
BRDA:327,20,0,-
BRDA:327,20,1,-
DA:328,0
BRDA:328,21,0,-
BRDA:328,21,1,-
DA:336,0
FN:341,LibDiamond.enforceHasContractCode
FNDA:0,LibDiamond.enforceHasContractCode
DA:345,0
DA:347,0
DA:349,0
BRDA:349,22,0,-
BRDA:349,22,1,-
FNF:13
FNH:1
LF:94
LH:2
BRF:46
BRH:0
end_of_record
TN:
SF:src/manager/libraries/UintUtils.sol
FN:15,UintUtils.add
FNDA:0,UintUtils.add
DA:16,0
FN:19,UintUtils.sub
FNDA:0,UintUtils.sub
DA:20,0
FN:23,UintUtils.toString
FNDA:0,UintUtils.toString
DA:24,0
BRDA:24,0,0,-
BRDA:24,0,1,-
DA:25,0
DA:28,0
DA:29,0
DA:31,0
DA:32,0
DA:33,0
DA:36,0
DA:38,0
DA:39,0
DA:40,0
DA:41,0
DA:44,0
FN:47,UintUtils.toHexString
FNDA:0,UintUtils.toHexString
DA:48,0
BRDA:48,1,0,-
BRDA:48,1,1,-
DA:49,0
DA:52,0
DA:54,0
DA:56,0
DA:60,0
FN:63,UintUtils.toHexString
FNDA:0,UintUtils.toHexString
DA:67,0
DA:68,0
DA:69,0
DA:72,0
DA:73,0
DA:74,0
DA:78,0
BRDA:78,2,0,-
BRDA:78,2,1,-
DA:80,0
FNF:5
FNH:0
LF:29
LH:0
BRF:6
BRH:0
end_of_record
TN:
SF:src/manager/upgradeInitializers/DiamondInit.sol
FN:19,DiamondInit.init
FNDA:0,DiamondInit.init
DA:21,0
DA:22,0
DA:23,0
DA:24,0
DA:25,0
DA:27,0
DA:28,0
DA:29,0
DA:30,0
DA:31,0
DA:32,0
DA:33,0
FNF:1
FNH:0
LF:12
LH:0
BRF:0
BRH:0
end_of_record
TN:
SF:src/ubiquistick/LP.sol
FN:10,LP.mint
FNDA:0,LP.mint
DA:11,0
FNF:1
FNH:0
LF:1
LH:0
BRF:0
BRH:0
end_of_record
TN:
SF:src/ubiquistick/MockUBQmanager.sol
FN:14,MockUBQmanager.setupMinterRole
FNDA:0,MockUBQmanager.setupMinterRole
DA:15,0
BRDA:15,0,0,-
BRDA:15,0,1,-
DA:19,0
FNF:1
FNH:0
LF:2
LH:0
BRF:2
BRH:0
end_of_record
TN:
SF:src/ubiquistick/SimpleBond.sol
FN:67,SimpleBond.setSticker
FNDA:1,SimpleBond.setSticker
DA:68,1
FN:88,SimpleBond.setRewards
FNDA:256,SimpleBond.setRewards
DA:92,256
BRDA:92,0,0,-
BRDA:92,0,1,256
DA:93,256
DA:95,256
FN:100,SimpleBond.setVestingBlocks
FNDA:256,SimpleBond.setVestingBlocks
DA:103,256
BRDA:103,1,0,-
BRDA:103,1,1,256
DA:104,256
FN:109,SimpleBond.setTreasury
FNDA:1,SimpleBond.setTreasury
DA:110,1
BRDA:110,2,0,-
BRDA:110,2,1,1
DA:111,1
FN:115,SimpleBond.pause
FNDA:0,SimpleBond.pause
DA:116,0
FN:120,SimpleBond.unpause
FNDA:0,SimpleBond.unpause
DA:121,0
FN:128,SimpleBond.bond
FNDA:257,SimpleBond.bond
DA:132,257
BRDA:132,3,0,1
BRDA:132,3,1,256
DA:136,256
DA:138,256
DA:139,256
DA:140,256
DA:141,256
DA:143,256
DA:144,256
DA:145,256
DA:147,256
DA:148,256
DA:150,256
FN:162,SimpleBond.claim
FNDA:256,SimpleBond.claim
DA:164,256
DA:166,768
DA:168,768
FN:174,SimpleBond.claimBond
FNDA:256,SimpleBond.claimBond
DA:177,1024
DA:178,1024
DA:180,1024
BRDA:180,4,0,-
BRDA:180,4,1,-
DA:181,0
DA:182,0
DA:184,0
BRDA:184,5,0,-
BRDA:184,5,1,-
DA:185,0
DA:186,0
DA:193,1024
FN:199,SimpleBond.withdraw
FNDA:256,SimpleBond.withdraw
DA:200,256
FN:207,SimpleBond.rewardsOf
FNDA:256,SimpleBond.rewardsOf
DA:219,256
DA:220,1280
DA:224,1280
DA:225,1280
DA:226,1280
DA:227,1280
FN:235,SimpleBond.rewardsBondOf
FNDA:256,SimpleBond.rewardsBondOf
DA:248,1536
DA:249,1536
DA:250,1536
DA:251,1536
FN:256,SimpleBond.bondsCount
FNDA:258,SimpleBond.bondsCount
DA:257,258
FN:261,SimpleBond._bondClaimableRewards
FNDA:2560,SimpleBond._bondClaimableRewards
DA:264,2560
BRDA:264,6,0,-
BRDA:264,6,1,2560
DA:266,2560
DA:267,2560
DA:269,2560
BRDA:269,7,0,2560
BRDA:269,7,1,-
DA:270,2560
DA:272,0
DA:275,2560
BRDA:275,8,0,-
BRDA:275,8,1,2560
DA:276,2560
FNF:14
FNH:12
LF:54
LH:46
BRF:18
BRH:8
end_of_record
TN:
SF:src/ubiquistick/UAR.sol
FN:22,UAR.raiseCapital
FNDA:0,UAR.raiseCapital
DA:23,0
FNF:1
FNH:0
LF:1
LH:0
BRF:0
BRH:0
end_of_record
TN:
SF:src/ubiquistick/UbiquiStick.sol
FN:56,UbiquiStick.tokenURI
FNDA:0,UbiquiStick.tokenURI
DA:59,0
BRDA:59,0,0,-
BRDA:59,0,1,-
DA:60,0
FN:70,UbiquiStick.setTokenURI
FNDA:0,UbiquiStick.setTokenURI
DA:74,0
BRDA:74,1,0,-
BRDA:74,1,1,-
DA:75,0
DA:76,0
BRDA:76,2,0,-
BRDA:76,2,1,-
DA:77,0
DA:78,0
BRDA:78,3,0,-
BRDA:78,3,1,-
DA:79,0
FN:83,UbiquiStick.setMinter
FNDA:0,UbiquiStick.setMinter
DA:84,0
FN:87,UbiquiStick.safeMint
FNDA:6,UbiquiStick.safeMint
DA:88,6
DA:89,6
DA:92,6
BRDA:92,4,0,-
BRDA:92,4,1,-
DA:93,0
BRDA:93,5,0,-
BRDA:93,5,1,-
DA:94,0
DA:97,6
FN:100,UbiquiStick.batchSafeMint
FNDA:0,UbiquiStick.batchSafeMint
DA:101,0
DA:102,0
FN:106,UbiquiStick.random
FNDA:6,UbiquiStick.random
DA:107,6
FN:120,UbiquiStick._beforeTokenTransfer
FNDA:9,UbiquiStick._beforeTokenTransfer
DA:125,9
FN:128,UbiquiStick._beforeConsecutiveTokenTransfer
FNDA:0,UbiquiStick._beforeConsecutiveTokenTransfer
DA:134,0
FN:137,UbiquiStick.supportsInterface
FNDA:0,UbiquiStick.supportsInterface
DA:140,0
FN:143,UbiquiStick.setApprovalForAll
FNDA:1,UbiquiStick.setApprovalForAll
DA:147,1
FN:150,UbiquiStick.approve
FNDA:4,UbiquiStick.approve
DA:154,4
FN:157,UbiquiStick.transferFrom
FNDA:1,UbiquiStick.transferFrom
DA:162,1
FN:165,UbiquiStick.safeTransferFrom
FNDA:1,UbiquiStick.safeTransferFrom
DA:170,1
FN:173,UbiquiStick.safeTransferFrom
FNDA:1,UbiquiStick.safeTransferFrom
DA:179,2
FNF:14
FNH:8
LF:26
LH:11
BRF:12
BRH:0
end_of_record
TN:
SF:src/ubiquistick/UbiquiStickSale.sol
FN:43,UbiquiStickSale.setTokenContract
FNDA:0,UbiquiStickSale.setTokenContract
DA:44,0
BRDA:44,0,0,-
BRDA:44,0,1,-
DA:45,0
FN:48,UbiquiStickSale.setFundsAddress
FNDA:0,UbiquiStickSale.setFundsAddress
DA:49,0
BRDA:49,1,0,-
BRDA:49,1,1,-
DA:50,0
FN:54,UbiquiStickSale.setAllowance
FNDA:0,UbiquiStickSale.setAllowance
DA:59,0
BRDA:59,2,0,-
BRDA:59,2,1,-
DA:60,0
FN:64,UbiquiStickSale.batchSetAllowances
FNDA:0,UbiquiStickSale.batchSetAllowances
DA:69,0
DA:71,0
DA:72,0
FN:77,UbiquiStickSale.allowance
FNDA:0,UbiquiStickSale.allowance
DA:80,0
DA:81,0
DA:82,0
FN:127,UbiquiStickSale.withdraw
FNDA:0,UbiquiStickSale.withdraw
DA:128,0
FNF:6
FNH:0
LF:13
LH:0
BRF:6
BRH:0
end_of_record
TN:
SF:test/dollar/DirectGovernanceFarmer.t.sol
FN:16,DirectGovernanceFarmerHarness.exposed_isIdIncluded
FNDA:2,DirectGovernanceFarmerHarness.exposed_isIdIncluded
DA:20,2
FNF:1
FNH:1
LF:1
LH:1
BRF:0
BRH:0
end_of_record
TN:
SF:test/dollar/ERC20Ubiquity.t.sol
FN:15,ERC20UbiquityHarness.exposed_transfer
FNDA:2,ERC20UbiquityHarness.exposed_transfer
DA:20,2
FNF:1
FNH:1
LF:1
LH:1
BRF:0
BRH:0
end_of_record
TN:
SF:test/dollar/Staking.t.sol
FN:372,DepositState.setUp
FNDA:0,DepositState.setUp
DA:373,0
DA:374,0
DA:379,0
DA:384,0
DA:386,0
DA:387,0
DA:388,0
DA:389,0
DA:390,0
DA:392,0
FN:59,ZeroState.setUp
FNDA:0,ZeroState.setUp
DA:60,0
DA:61,0
DA:62,0
DA:63,0
DA:64,0
DA:65,0
DA:66,0
DA:67,0
FNF:2
FNH:0
LF:18
LH:0
BRF:0
BRH:0
end_of_record
TN:
SF:test/dollar/StakingShare.t.sol
FN:17,DepositState.setUp
FNDA:0,DepositState.setUp
DA:18,0
DA:19,0
DA:20,0
DA:21,0
DA:22,0
DA:28,0
DA:34,0
DA:41,0
DA:42,0
DA:43,0
DA:44,0
DA:45,0
DA:46,0
FNF:1
FNH:0
LF:13
LH:0
BRF:0
BRH:0
end_of_record
TN:
SF:test/dollar/UbiquityChef.t.sol
FN:26,ZeroState.setUp
FNDA:0,ZeroState.setUp
DA:27,0
DA:28,0
DA:29,0
FN:87,DepositState.setUp
FNDA:0,DepositState.setUp
DA:88,0
DA:89,0
DA:90,0
DA:95,0
DA:96,0
DA:102,0
DA:103,0
FNF:2
FNH:0
LF:10
LH:0
BRF:0
BRH:0
end_of_record
TN:
SF:test/dollar/core/DollarMintExcess.t.sol
FN:17,DollarMintExcessHarness.exposed_swapDollarsForGovernance
FNDA:1,DollarMintExcessHarness.exposed_swapDollarsForGovernance
DA:20,1
FN:23,DollarMintExcessHarness.exposed_governanceBuyBackLPAndBurn
FNDA:1,DollarMintExcessHarness.exposed_governanceBuyBackLPAndBurn
DA:24,1
FN:27,DollarMintExcessHarness.exposed_convertToCurveLPAndTransfer
FNDA:1,DollarMintExcessHarness.exposed_convertToCurveLPAndTransfer
DA:30,1
FNF:3
FNH:3
LF:3
LH:3
BRF:0
BRH:0
end_of_record
TN:
SF:test/helpers/DiamondTestHelper.sol
FN:19,DiamondTestHelper.generateAddress
FNDA:0,DiamondTestHelper.generateAddress
DA:23,0
FN:26,DiamondTestHelper.generateAddress
FNDA:0,DiamondTestHelper.generateAddress
DA:31,0
DA:32,0
DA:34,0
DA:36,0
BRDA:36,0,0,-
BRDA:36,0,1,-
DA:37,0
DA:40,0
DA:42,0
FN:46,DiamondTestHelper.removeElement
FNDA:0,DiamondTestHelper.removeElement
DA:50,0
DA:51,0
DA:52,0
DA:53,0
BRDA:53,1,0,-
BRDA:53,1,1,-
DA:54,0
DA:55,0
DA:58,0
FN:62,DiamondTestHelper.removeElement
FNDA:0,DiamondTestHelper.removeElement
DA:66,0
DA:67,0
BRDA:67,2,0,-
BRDA:67,2,1,-
DA:68,0
DA:71,0
FN:74,DiamondTestHelper.containsElement
FNDA:0,DiamondTestHelper.containsElement
DA:78,0
DA:79,0
BRDA:79,3,0,-
BRDA:79,3,1,-
DA:80,0
DA:83,0
FN:86,DiamondTestHelper.containsElement
FNDA:0,DiamondTestHelper.containsElement
DA:90,0
DA:91,0
BRDA:91,4,0,-
BRDA:91,4,1,-
DA:92,0
DA:95,0
FN:98,DiamondTestHelper.sameMembers
FNDA:0,DiamondTestHelper.sameMembers
DA:102,0
BRDA:102,5,0,-
BRDA:102,5,1,-
DA:103,0
DA:105,0
DA:106,0
BRDA:106,6,0,-
BRDA:106,6,1,-
DA:107,0
DA:110,0
FN:113,DiamondTestHelper.getAllSelectors
FNDA:0,DiamondTestHelper.getAllSelectors
DA:116,0
DA:118,0
DA:119,0
DA:120,0
DA:123,0
DA:124,0
DA:125,0
DA:127,0
DA:128,0
DA:129,0
DA:131,0
DA:132,0
DA:135,0
FN:138,DiamondTestHelper.compareStrings
FNDA:0,DiamondTestHelper.compareStrings
DA:142,0
FN:147,DiamondTestHelper.diamondCut
FNDA:0,DiamondTestHelper.diamondCut
FN:153,DiamondTestHelper.facetAddress
FNDA:0,DiamondTestHelper.facetAddress
FN:157,DiamondTestHelper.facetAddresses
FNDA:0,DiamondTestHelper.facetAddresses
FN:163,DiamondTestHelper.facetFunctionSelectors
FNDA:0,DiamondTestHelper.facetFunctionSelectors
FN:167,DiamondTestHelper.facets
FNDA:0,DiamondTestHelper.facets
FNF:14
FNH:0
LF:47
LH:0
BRF:14
BRH:0
end_of_record
TN:
SF:test/helpers/LiveTestHelper.sol
FN:100,LiveTestHelper.setUp
FNDA:0,LiveTestHelper.setUp
DA:101,0
DA:103,0
DA:104,0
DA:106,0
DA:107,0
DA:108,0
DA:109,0
DA:110,0
DA:114,0
DA:119,0
DA:120,0
DA:122,0
DA:123,0
DA:125,0
DA:126,0
DA:128,0
DA:129,0
DA:132,0
DA:133,0
DA:135,0
DA:137,0
DA:139,0
DA:140,0
DA:142,0
DA:143,0
DA:145,0
DA:147,0
DA:148,0
DA:149,0
DA:150,0
DA:160,0
DA:162,0
DA:164,0
DA:173,0
DA:174,0
DA:177,0
DA:181,0
DA:186,0
DA:188,0
DA:190,0
DA:197,0
DA:198,0
DA:199,0
DA:202,0
DA:203,0
DA:210,0
DA:211,0
DA:212,0
DA:214,0
DA:219,0
DA:220,0
DA:221,0
DA:223,0
DA:226,0
DA:228,0
DA:229,0
DA:231,0
DA:236,0
DA:240,0
DA:244,0
DA:249,0
DA:250,0
DA:252,0
DA:253,0
DA:258,0
DA:259,0
DA:260,0
DA:262,0
DA:264,0
DA:265,0
DA:269,0
DA:270,0
DA:275,0
DA:277,0
DA:279,0
DA:280,0
DA:281,0
DA:282,0
DA:284,0
DA:285,0
DA:286,0
DA:287,0
DA:289,0
DA:290,0
DA:291,0
DA:292,0
DA:294,0
DA:296,0
DA:298,0
DA:299,0
DA:305,0
DA:306,0
DA:312,0
DA:313,0
DA:318,0
DA:319,0
DA:320,0
DA:322,0
DA:324,0
DA:325,0
DA:326,0
DA:328,0
DA:336,0
DA:340,0
DA:342,0
DA:346,0
DA:348,0
DA:350,0
DA:354,0
DA:358,0
DA:360,0
DA:361,0
DA:363,0
DA:364,0
FNF:1
FNH:0
LF:114
LH:0
BRF:0
BRH:0
end_of_record
TN:
SF:test/helpers/LocalTestHelper.sol
FN:34,LocalTestHelper.helpers_deployUbiquityDollarManager
FNDA:0,LocalTestHelper.helpers_deployUbiquityDollarManager
DA:35,0
DA:37,0
DA:39,0
DA:40,0
DA:43,0
DA:44,0
DA:47,0
DA:54,0
DA:57,0
DA:60,0
DA:63,0
DA:64,0
DA:69,0
DA:70,0
DA:73,0
DA:76,0
DA:81,0
DA:84,0
DA:87,0
DA:89,0
DA:91,0
FN:21,MockCreditNFTRedemptionCalculator.getCreditNFTAmount
FNDA:1,MockCreditNFTRedemptionCalculator.getCreditNFTAmount
DA:24,1
FNF:2
FNH:1
LF:22
LH:1
BRF:0
BRH:0
end_of_record
TN:
SF:test/manager/DiamondTestSetup.sol
FN:42,DiamondSetup.setUp
FNDA:0,DiamondSetup.setUp
DA:43,0
DA:44,0
DA:45,0
DA:46,0
DA:47,0
DA:50,0
DA:52,0
DA:53,0
DA:56,0
DA:59,0
DA:60,0
DA:62,0
DA:63,0
DA:65,0
DA:68,0
DA:71,0
DA:74,0
DA:75,0
DA:78,0
DA:81,0
DA:84,0
DA:87,0
DA:90,0
DA:93,0
DA:96,0
DA:97,0
DA:100,0
DA:103,0
DA:106,0
DA:107,0
DA:110,0
DA:113,0
DA:116,0
DA:119,0
DA:122,0
DA:123,0
DA:126,0
DA:129,0
DA:132,0
DA:135,0
DA:138,0
DA:141,0
DA:144,0
DA:145,0
DA:148,0
DA:151,0
DA:154,0
DA:155,0
DA:156,0
DA:159,0
DA:160,0
DA:161,0
DA:162,0
DA:163,0
DA:165,0
DA:173,0
DA:179,0
DA:181,0
DA:189,0
DA:197,0
DA:205,0
DA:214,0
DA:215,0
DA:216,0
DA:219,0
DA:220,0
DA:221,0
DA:224,0
FNF:1
FNH:0
LF:68
LH:0
BRF:0
BRH:0
end_of_record
TN:
SF:test/ubiquistick/SimpleBond.t.sol
FN:82,StickerState.setUp
FNDA:0,StickerState.setUp
DA:83,0
DA:84,0
DA:85,0
DA:86,0
DA:87,0
DA:88,0
DA:89,0
DA:90,0
DA:91,0
FN:127,BondedState.setUp
FNDA:0,BondedState.setUp
DA:128,0
DA:130,0
DA:131,0
DA:132,0
DA:133,0
DA:134,0
DA:135,0
DA:136,0
DA:137,0
DA:138,0
DA:139,0
DA:140,0
DA:141,0
DA:142,0
DA:143,0
FN:38,ZeroState.setUp
FNDA:0,ZeroState.setUp
DA:39,0
DA:40,0
DA:41,0
DA:42,0
DA:44,0
DA:45,0
DA:46,0
DA:47,0
DA:48,0
DA:49,0
DA:50,0
FNF:3
FNH:0
LF:35
LH:0
BRF:0
BRH:0
end_of_record
